[2m2026-07-07T07:45:08.323044Z[0m [32m INFO[0m [2mswarm_discovery::sender[0m[2m:[0m no addresses for peer, not announcing
[2m2026-07-07T07:45:08.323094Z[0m [32m INFO[0m [2mswarm_discovery::sender[0m[2m:[0m no addresses for peer, not announcing
[2m2026-07-07T07:45:08.624107Z[0m [32m INFO[0m [2mswarm_discovery::sender[0m[2m:[0m no addresses for peer, not announcing
fp client endpoint id: 153ec45f3468aba43585ae23e43041711c8ace4eedb953b6aefbf549e7ee0f2b
forming match on the LAN (need 2 player(s), solo if alone after 10s)…
forming: 1/2 player(s) live, waiting for agreement…
forming: 2/2 player(s) live, waiting for agreement…
match formed: 2 participant(s), barrier agreed in 2.5s
GCR: the crab asset is synced across all 2 peer(s) — NN crabs eligible
starting round: 2 player(s), I am PlayerId(0)
net-screenshot: formed as host; rendering to live/client-flying.png
[2m2026-07-07T07:45:11.131576Z[0m [32m INFO[0m [2mbevy_diagnostic::system_information_diagnostics_plugin::internal[0m[2m:[0m SystemInfo { os: "Linux (NixOS 26.05)", kernel: "6.18.33", cpu: "AMD Ryzen 9 3900X 12-Core Processor", core_count: "12", memory: "31.3 GiB" }
[2m2026-07-07T07:45:11.146441Z[0m [33m WARN[0m [2mwgpu_hal::vulkan::instance[0m[2m:[0m Unable to find extension: VK_EXT_acquire_drm_display
[2m2026-07-07T07:45:11.146476Z[0m [33m WARN[0m [2mwgpu_hal::vulkan::instance[0m[2m:[0m Unable to find extension: VK_EXT_direct_mode_display
[2m2026-07-07T07:45:11.146480Z[0m [33m WARN[0m [2mwgpu_hal::vulkan::instance[0m[2m:[0m Unable to find extension: VK_KHR_display
[2m2026-07-07T07:45:11.146487Z[0m [33m WARN[0m [2mwgpu_hal::vulkan::instance[0m[2m:[0m Unable to find extension: VK_EXT_physical_device_drm
[2m2026-07-07T07:45:11.146491Z[0m [33m WARN[0m [2mwgpu_hal::vulkan::instance[0m[2m:[0m Unable to find extension: VK_KHR_get_display_properties2
[2m2026-07-07T07:45:11.147422Z[0m [33m WARN[0m [2mwgpu_hal::vulkan::instance[0m[2m:[0m InstanceFlags::VALIDATION requested, but unable to find layer: VK_LAYER_KHRONOS_validation
[2m2026-07-07T07:45:11.147437Z[0m [32m INFO[0m [2mwgpu_hal::vulkan::instance[0m[2m:[0m GENERAL [Loader Message (0x0)]
	No valid vk_loader_settings.json file found, no loader settings will be active
[2m2026-07-07T07:45:11.147454Z[0m [32m INFO[0m [2mwgpu_hal::vulkan::instance[0m[2m:[0m 	objects: (type: INSTANCE, hndl: 0x57fda798c4d0, name: ?)
[2m2026-07-07T07:45:11.147465Z[0m [32m INFO[0m [2mwgpu_hal::vulkan::instance[0m[2m:[0m GENERAL [Loader Message (0x0)]
	Searching for implicit layer manifest files
[2m2026-07-07T07:45:11.147468Z[0m [32m INFO[0m [2mwgpu_hal::vulkan::instance[0m[2m:[0m 	objects: (type: INSTANCE, hndl: 0x57fda798c4d0, name: ?)
[2m2026-07-07T07:45:11.147472Z[0m [32m INFO[0m [2mwgpu_hal::vulkan::instance[0m[2m:[0m GENERAL [Loader Message (0x0)]
	   In following locations:
[2m2026-07-07T07:45:11.147475Z[0m [32m INFO[0m [2mwgpu_hal::vulkan::instance[0m[2m:[0m 	objects: (type: INSTANCE, hndl: 0x57fda798c4d0, name: ?)
[2m2026-07-07T07:45:11.147479Z[0m [32m INFO[0m [2mwgpu_hal::vulkan::instance[0m[2m:[0m GENERAL [Loader Message (0x0)]
	      /home/bot/.config/vulkan/implicit_layer.d
[2m2026-07-07T07:45:11.147483Z[0m [32m INFO[0m [2mwgpu_hal::vulkan::instance[0m[2m:[0m 	objects: (type: INSTANCE, hndl: 0x57fda798c4d0, name: ?)
[2m2026-07-07T07:45:11.147486Z[0m [32m INFO[0m [2mwgpu_hal::vulkan::instance[0m[2m:[0m GENERAL [Loader Message (0x0)]
	      /etc/xdg/vulkan/implicit_layer.d
[2m2026-07-07T07:45:11.147490Z[0m [32m INFO[0m [2mwgpu_hal::vulkan::instance[0m[2m:[0m 	objects: (type: INSTANCE, hndl: 0x57fda798c4d0, name: ?)
[2m2026-07-07T07:45:11.147493Z[0m [32m INFO[0m [2mwgpu_hal::vulkan::instance[0m[2m:[0m GENERAL [Loader Message (0x0)]
	      /home/bot/.nix-profile/etc/xdg/vulkan/implicit_layer.d
[2m2026-07-07T07:45:11.147497Z[0m [32m INFO[0m [2mwgpu_hal::vulkan::instance[0m[2m:[0m 	objects: (type: INSTANCE, hndl: 0x57fda798c4d0, name: ?)
[2m2026-07-07T07:45:11.147500Z[0m [32m INFO[0m [2mwgpu_hal::vulkan::instance[0m[2m:[0m GENERAL [Loader Message (0x0)]
	      /nix/profile/etc/xdg/vulkan/implicit_layer.d
[2m2026-07-07T07:45:11.147514Z[0m [32m INFO[0m [2mwgpu_hal::vulkan::instance[0m[2m:[0m 	objects: (type: INSTANCE, hndl: 0x57fda798c4d0, name: ?)
[2m2026-07-07T07:45:11.147518Z[0m [32m INFO[0m [2mwgpu_hal::vulkan::instance[0m[2m:[0m GENERAL [Loader Message (0x0)]
	      /home/bot/.local/state/nix/profile/etc/xdg/vulkan/implicit_layer.d
[2m2026-07-07T07:45:11.147522Z[0m [32m INFO[0m [2mwgpu_hal::vulkan::instance[0m[2m:[0m 	objects: (type: INSTANCE, hndl: 0x57fda798c4d0, name: ?)
[2m2026-07-07T07:45:11.147525Z[0m [32m INFO[0m [2mwgpu_hal::vulkan::instance[0m[2m:[0m GENERAL [Loader Message (0x0)]
	      /etc/profiles/per-user/bot/etc/xdg/vulkan/implicit_layer.d
[2m2026-07-07T07:45:11.147529Z[0m [32m INFO[0m [2mwgpu_hal::vulkan::instance[0m[2m:[0m 	objects: (type: INSTANCE, hndl: 0x57fda798c4d0, name: ?)
[2m2026-07-07T07:45:11.147532Z[0m [32m INFO[0m [2mwgpu_hal::vulkan::instance[0m[2m:[0m GENERAL [Loader Message (0x0)]
	      /nix/var/nix/profiles/default/etc/xdg/vulkan/implicit_layer.d
[2m2026-07-07T07:45:11.147536Z[0m [32m INFO[0m [2mwgpu_hal::vulkan::instance[0m[2m:[0m 	objects: (type: INSTANCE, hndl: 0x57fda798c4d0, name: ?)
[2m2026-07-07T07:45:11.147540Z[0m [32m INFO[0m [2mwgpu_hal::vulkan::instance[0m[2m:[0m GENERAL [Loader Message (0x0)]
	      /run/current-system/sw/etc/xdg/vulkan/implicit_layer.d
[2m2026-07-07T07:45:11.147543Z[0m [32m INFO[0m [2mwgpu_hal::vulkan::instance[0m[2m:[0m 	objects: (type: INSTANCE, hndl: 0x57fda798c4d0, name: ?)
[2m2026-07-07T07:45:11.147547Z[0m [32m INFO[0m [2mwgpu_hal::vulkan::instance[0m[2m:[0m GENERAL [Loader Message (0x0)]
	      /run/opengl-driver/share/vulkan/implicit_layer.d
[2m2026-07-07T07:45:11.147550Z[0m [32m INFO[0m [2mwgpu_hal::vulkan::instance[0m[2m:[0m 	objects: (type: INSTANCE, hndl: 0x57fda798c4d0, name: ?)
[2m2026-07-07T07:45:11.147554Z[0m [32m INFO[0m [2mwgpu_hal::vulkan::instance[0m[2m:[0m GENERAL [Loader Message (0x0)]
	      /home/bot/.local/share/vulkan/implicit_layer.d
[2m2026-07-07T07:45:11.147558Z[0m [32m INFO[0m [2mwgpu_hal::vulkan::instance[0m[2m:[0m 	objects: (type: INSTANCE, hndl: 0x57fda798c4d0, name: ?)
[2m2026-07-07T07:45:11.147561Z[0m [32m INFO[0m [2mwgpu_hal::vulkan::instance[0m[2m:[0m GENERAL [Loader Message (0x0)]
	      /nix/store/0603svisz5xrhh84m4cdddjrvl9vs8yy-gnome-mimeapps/share/vulkan/implicit_layer.d
[2m2026-07-07T07:45:11.147565Z[0m [32m INFO[0m [2mwgpu_hal::vulkan::instance[0m[2m:[0m 	objects: (type: INSTANCE, hndl: 0x57fda798c4d0, name: ?)
[2m2026-07-07T07:45:11.147569Z[0m [32m INFO[0m [2mwgpu_hal::vulkan::instance[0m[2m:[0m GENERAL [Loader Message (0x0)]
	      /nix/store/ycayfga6wngib3hq4qp5n38nzmw8kaah-desktops/share/vulkan/implicit_layer.d
[2m2026-07-07T07:45:11.147573Z[0m [32m INFO[0m [2mwgpu_hal::vulkan::instance[0m[2m:[0m 	objects: (type: INSTANCE, hndl: 0x57fda798c4d0, name: ?)
[2m2026-07-07T07:45:11.147576Z[0m [32m INFO[0m [2mwgpu_hal::vulkan::instance[0m[2m:[0m GENERAL [Loader Message (0x0)]
	      /home/bot/.nix-profile/share/vulkan/implicit_layer.d
[2m2026-07-07T07:45:11.147580Z[0m [32m INFO[0m [2mwgpu_hal::vulkan::instance[0m[2m:[0m 	objects: (type: INSTANCE, hndl: 0x57fda798c4d0, name: ?)
[2m2026-07-07T07:45:11.147583Z[0m [32m INFO[0m [2mwgpu_hal::vulkan::instance[0m[2m:[0m GENERAL [Loader Message (0x0)]
	      /nix/profile/share/vulkan/implicit_layer.d
[2m2026-07-07T07:45:11.147587Z[0m [32m INFO[0m [2mwgpu_hal::vulkan::instance[0m[2m:[0m 	objects: (type: INSTANCE, hndl: 0x57fda798c4d0, name: ?)
[2m2026-07-07T07:45:11.147590Z[0m [32m INFO[0m [2mwgpu_hal::vulkan::instance[0m[2m:[0m GENERAL [Loader Message (0x0)]
	      /home/bot/.local/state/nix/profile/share/vulkan/implicit_layer.d
[2m2026-07-07T07:45:11.147594Z[0m [32m INFO[0m [2mwgpu_hal::vulkan::instance[0m[2m:[0m 	objects: (type: INSTANCE, hndl: 0x57fda798c4d0, name: ?)
[2m2026-07-07T07:45:11.147601Z[0m [32m INFO[0m [2mwgpu_hal::vulkan::instance[0m[2m:[0m GENERAL [Loader Message (0x0)]
	      /etc/profiles/per-user/bot/share/vulkan/implicit_layer.d
[2m2026-07-07T07:45:11.147605Z[0m [32m INFO[0m [2mwgpu_hal::vulkan::instance[0m[2m:[0m 	objects: (type: INSTANCE, hndl: 0x57fda798c4d0, name: ?)
[2m2026-07-07T07:45:11.147608Z[0m [32m INFO[0m [2mwgpu_hal::vulkan::instance[0m[2m:[0m GENERAL [Loader Message (0x0)]
	      /nix/var/nix/profiles/default/share/vulkan/implicit_layer.d
[2m2026-07-07T07:45:11.147612Z[0m [32m INFO[0m [2mwgpu_hal::vulkan::instance[0m[2m:[0m 	objects: (type: INSTANCE, hndl: 0x57fda798c4d0, name: ?)
[2m2026-07-07T07:45:11.147615Z[0m [32m INFO[0m [2mwgpu_hal::vulkan::instance[0m[2m:[0m GENERAL [Loader Message (0x0)]
	      /run/current-system/sw/share/vulkan/implicit_layer.d
[2m2026-07-07T07:45:11.147619Z[0m [32m INFO[0m [2mwgpu_hal::vulkan::instance[0m[2m:[0m 	objects: (type: INSTANCE, hndl: 0x57fda798c4d0, name: ?)
[2m2026-07-07T07:45:11.147622Z[0m [32m INFO[0m [2mwgpu_hal::vulkan::instance[0m[2m:[0m GENERAL [Loader Message (0x0)]
	      /nix/store/zag86d0ps9a2rzfjwsf6y9nc17cxb4ci-gnome-shell-50.1/share/gsettings-schemas/gnome-shell-50.1/vulkan/implicit_layer.d
[2m2026-07-07T07:45:11.147627Z[0m [32m INFO[0m [2mwgpu_hal::vulkan::instance[0m[2m:[0m 	objects: (type: INSTANCE, hndl: 0x57fda798c4d0, name: ?)
[2m2026-07-07T07:45:11.147706Z[0m [32m INFO[0m [2mwgpu_hal::vulkan::instance[0m[2m:[0m GENERAL [Loader Message (0x0)]
	   Found the following files:
[2m2026-07-07T07:45:11.147709Z[0m [32m INFO[0m [2mwgpu_hal::vulkan::instance[0m[2m:[0m 	objects: (type: INSTANCE, hndl: 0x57fda798c4d0, name: ?)
[2m2026-07-07T07:45:11.147713Z[0m [32m INFO[0m [2mwgpu_hal::vulkan::instance[0m[2m:[0m GENERAL [Loader Message (0x0)]
	      /run/opengl-driver/share/vulkan/implicit_layer.d/VkLayer_MESA_anti_lag.json
[2m2026-07-07T07:45:11.147717Z[0m [32m INFO[0m [2mwgpu_hal::vulkan::instance[0m[2m:[0m 	objects: (type: INSTANCE, hndl: 0x57fda798c4d0, name: ?)
[2m2026-07-07T07:45:11.147720Z[0m [32m INFO[0m [2mwgpu_hal::vulkan::instance[0m[2m:[0m GENERAL [Loader Message (0x0)]
	      /run/opengl-driver/share/vulkan/implicit_layer.d/VkLayer_MESA_device_select.json
[2m2026-07-07T07:45:11.147724Z[0m [32m INFO[0m [2mwgpu_hal::vulkan::instance[0m[2m:[0m 	objects: (type: INSTANCE, hndl: 0x57fda798c4d0, name: ?)
[2m2026-07-07T07:45:11.147728Z[0m [32m INFO[0m [2mwgpu_hal::vulkan::instance[0m[2m:[0m GENERAL [Loader Message (0x0)]
	      /run/opengl-driver/share/vulkan/implicit_layer.d/nvidia_layers.json
[2m2026-07-07T07:45:11.147731Z[0m [32m INFO[0m [2mwgpu_hal::vulkan::instance[0m[2m:[0m 	objects: (type: INSTANCE, hndl: 0x57fda798c4d0, name: ?)
[2m2026-07-07T07:45:11.147750Z[0m [32m INFO[0m [2mwgpu_hal::vulkan::instance[0m[2m:[0m GENERAL [Loader Message (0x0)]
	Found manifest file /run/opengl-driver/share/vulkan/implicit_layer.d/VkLayer_MESA_anti_lag.json (file version 1.2.1)
[2m2026-07-07T07:45:11.147755Z[0m [32m INFO[0m [2mwgpu_hal::vulkan::instance[0m[2m:[0m 	objects: (type: INSTANCE, hndl: 0x57fda798c4d0, name: ?)
[2m2026-07-07T07:45:11.147777Z[0m [32m INFO[0m [2mwgpu_hal::vulkan::instance[0m[2m:[0m GENERAL [Loader Message (0x0)]
	Found manifest file /run/opengl-driver/share/vulkan/implicit_layer.d/VkLayer_MESA_device_select.json (file version 1.0.0)
[2m2026-07-07T07:45:11.147782Z[0m [32m INFO[0m [2mwgpu_hal::vulkan::instance[0m[2m:[0m 	objects: (type: INSTANCE, hndl: 0x57fda798c4d0, name: ?)
[2m2026-07-07T07:45:11.147806Z[0m [32m INFO[0m [2mwgpu_hal::vulkan::instance[0m[2m:[0m GENERAL [Loader Message (0x0)]
	Found manifest file /run/opengl-driver/share/vulkan/implicit_layer.d/nvidia_layers.json (file version 1.0.1)
[2m2026-07-07T07:45:11.147810Z[0m [32m INFO[0m [2mwgpu_hal::vulkan::instance[0m[2m:[0m 	objects: (type: INSTANCE, hndl: 0x57fda798c4d0, name: ?)
[2m2026-07-07T07:45:11.147831Z[0m [32m INFO[0m [2mwgpu_hal::vulkan::instance[0m[2m:[0m GENERAL [Loader Message (0x0)]
	Searching for explicit layer manifest files
[2m2026-07-07T07:45:11.147838Z[0m [32m INFO[0m [2mwgpu_hal::vulkan::instance[0m[2m:[0m 	objects: (type: INSTANCE, hndl: 0x57fda798c4d0, name: ?)
[2m2026-07-07T07:45:11.147842Z[0m [32m INFO[0m [2mwgpu_hal::vulkan::instance[0m[2m:[0m GENERAL [Loader Message (0x0)]
	   In following locations:
[2m2026-07-07T07:45:11.147845Z[0m [32m INFO[0m [2mwgpu_hal::vulkan::instance[0m[2m:[0m 	objects: (type: INSTANCE, hndl: 0x57fda798c4d0, name: ?)
[2m2026-07-07T07:45:11.147848Z[0m [32m INFO[0m [2mwgpu_hal::vulkan::instance[0m[2m:[0m GENERAL [Loader Message (0x0)]
	      /home/bot/.config/vulkan/explicit_layer.d
[2m2026-07-07T07:45:11.147852Z[0m [32m INFO[0m [2mwgpu_hal::vulkan::instance[0m[2m:[0m 	objects: (type: INSTANCE, hndl: 0x57fda798c4d0, name: ?)
[2m2026-07-07T07:45:11.147855Z[0m [32m INFO[0m [2mwgpu_hal::vulkan::instance[0m[2m:[0m GENERAL [Loader Message (0x0)]
	      /etc/xdg/vulkan/explicit_layer.d
[2m2026-07-07T07:45:11.147859Z[0m [32m INFO[0m [2mwgpu_hal::vulkan::instance[0m[2m:[0m 	objects: (type: INSTANCE, hndl: 0x57fda798c4d0, name: ?)
[2m2026-07-07T07:45:11.147862Z[0m [32m INFO[0m [2mwgpu_hal::vulkan::instance[0m[2m:[0m GENERAL [Loader Message (0x0)]
	      /home/bot/.nix-profile/etc/xdg/vulkan/explicit_layer.d
[2m2026-07-07T07:45:11.147866Z[0m [32m INFO[0m [2mwgpu_hal::vulkan::instance[0m[2m:[0m 	objects: (type: INSTANCE, hndl: 0x57fda798c4d0, name: ?)
[2m2026-07-07T07:45:11.147869Z[0m [32m INFO[0m [2mwgpu_hal::vulkan::instance[0m[2m:[0m GENERAL [Loader Message (0x0)]
	      /nix/profile/etc/xdg/vulkan/explicit_layer.d
[2m2026-07-07T07:45:11.147873Z[0m [32m INFO[0m [2mwgpu_hal::vulkan::instance[0m[2m:[0m 	objects: (type: INSTANCE, hndl: 0x57fda798c4d0, name: ?)
[2m2026-07-07T07:45:11.147876Z[0m [32m INFO[0m [2mwgpu_hal::vulkan::instance[0m[2m:[0m GENERAL [Loader Message (0x0)]
	      /home/bot/.local/state/nix/profile/etc/xdg/vulkan/explicit_layer.d
[2m2026-07-07T07:45:11.147880Z[0m [32m INFO[0m [2mwgpu_hal::vulkan::instance[0m[2m:[0m 	objects: (type: INSTANCE, hndl: 0x57fda798c4d0, name: ?)
[2m2026-07-07T07:45:11.147884Z[0m [32m INFO[0m [2mwgpu_hal::vulkan::instance[0m[2m:[0m GENERAL [Loader Message (0x0)]
	      /etc/profiles/per-user/bot/etc/xdg/vulkan/explicit_layer.d
[2m2026-07-07T07:45:11.147887Z[0m [32m INFO[0m [2mwgpu_hal::vulkan::instance[0m[2m:[0m 	objects: (type: INSTANCE, hndl: 0x57fda798c4d0, name: ?)
[2m2026-07-07T07:45:11.147891Z[0m [32m INFO[0m [2mwgpu_hal::vulkan::instance[0m[2m:[0m GENERAL [Loader Message (0x0)]
	      /nix/var/nix/profiles/default/etc/xdg/vulkan/explicit_layer.d
[2m2026-07-07T07:45:11.147895Z[0m [32m INFO[0m [2mwgpu_hal::vulkan::instance[0m[2m:[0m 	objects: (type: INSTANCE, hndl: 0x57fda798c4d0, name: ?)
[2m2026-07-07T07:45:11.147898Z[0m [32m INFO[0m [2mwgpu_hal::vulkan::instance[0m[2m:[0m GENERAL [Loader Message (0x0)]
	      /run/current-system/sw/etc/xdg/vulkan/explicit_layer.d
[2m2026-07-07T07:45:11.147902Z[0m [32m INFO[0m [2mwgpu_hal::vulkan::instance[0m[2m:[0m 	objects: (type: INSTANCE, hndl: 0x57fda798c4d0, name: ?)
[2m2026-07-07T07:45:11.147905Z[0m [32m INFO[0m [2mwgpu_hal::vulkan::instance[0m[2m:[0m GENERAL [Loader Message (0x0)]
	      /run/opengl-driver/share/vulkan/explicit_layer.d
[2m2026-07-07T07:45:11.147909Z[0m [32m INFO[0m [2mwgpu_hal::vulkan::instance[0m[2m:[0m 	objects: (type: INSTANCE, hndl: 0x57fda798c4d0, name: ?)
[2m2026-07-07T07:45:11.147912Z[0m [32m INFO[0m [2mwgpu_hal::vulkan::instance[0m[2m:[0m GENERAL [Loader Message (0x0)]
	      /home/bot/.local/share/vulkan/explicit_layer.d
[2m2026-07-07T07:45:11.147916Z[0m [32m INFO[0m [2mwgpu_hal::vulkan::instance[0m[2m:[0m 	objects: (type: INSTANCE, hndl: 0x57fda798c4d0, name: ?)
[2m2026-07-07T07:45:11.147919Z[0m [32m INFO[0m [2mwgpu_hal::vulkan::instance[0m[2m:[0m GENERAL [Loader Message (0x0)]
	      /nix/store/0603svisz5xrhh84m4cdddjrvl9vs8yy-gnome-mimeapps/share/vulkan/explicit_layer.d
[2m2026-07-07T07:45:11.147926Z[0m [32m INFO[0m [2mwgpu_hal::vulkan::instance[0m[2m:[0m 	objects: (type: INSTANCE, hndl: 0x57fda798c4d0, name: ?)
[2m2026-07-07T07:45:11.147930Z[0m [32m INFO[0m [2mwgpu_hal::vulkan::instance[0m[2m:[0m GENERAL [Loader Message (0x0)]
	      /nix/store/ycayfga6wngib3hq4qp5n38nzmw8kaah-desktops/share/vulkan/explicit_layer.d
[2m2026-07-07T07:45:11.147945Z[0m [32m INFO[0m [2mwgpu_hal::vulkan::instance[0m[2m:[0m 	objects: (type: INSTANCE, hndl: 0x57fda798c4d0, name: ?)
[2m2026-07-07T07:45:11.147948Z[0m [32m INFO[0m [2mwgpu_hal::vulkan::instance[0m[2m:[0m GENERAL [Loader Message (0x0)]
	      /home/bot/.nix-profile/share/vulkan/explicit_layer.d
[2m2026-07-07T07:45:11.147952Z[0m [32m INFO[0m [2mwgpu_hal::vulkan::instance[0m[2m:[0m 	objects: (type: INSTANCE, hndl: 0x57fda798c4d0, name: ?)
[2m2026-07-07T07:45:11.147956Z[0m [32m INFO[0m [2mwgpu_hal::vulkan::instance[0m[2m:[0m GENERAL [Loader Message (0x0)]
	      /nix/profile/share/vulkan/explicit_layer.d
[2m2026-07-07T07:45:11.147959Z[0m [32m INFO[0m [2mwgpu_hal::vulkan::instance[0m[2m:[0m 	objects: (type: INSTANCE, hndl: 0x57fda798c4d0, name: ?)
[2m2026-07-07T07:45:11.147962Z[0m [32m INFO[0m [2mwgpu_hal::vulkan::instance[0m[2m:[0m GENERAL [Loader Message (0x0)]
	      /home/bot/.local/state/nix/profile/share/vulkan/explicit_layer.d
[2m2026-07-07T07:45:11.147966Z[0m [32m INFO[0m [2mwgpu_hal::vulkan::instance[0m[2m:[0m 	objects: (type: INSTANCE, hndl: 0x57fda798c4d0, name: ?)
[2m2026-07-07T07:45:11.147970Z[0m [32m INFO[0m [2mwgpu_hal::vulkan::instance[0m[2m:[0m GENERAL [Loader Message (0x0)]
	      /etc/profiles/per-user/bot/share/vulkan/explicit_layer.d
[2m2026-07-07T07:45:11.147973Z[0m [32m INFO[0m [2mwgpu_hal::vulkan::instance[0m[2m:[0m 	objects: (type: INSTANCE, hndl: 0x57fda798c4d0, name: ?)
[2m2026-07-07T07:45:11.147977Z[0m [32m INFO[0m [2mwgpu_hal::vulkan::instance[0m[2m:[0m GENERAL [Loader Message (0x0)]
	      /nix/var/nix/profiles/default/share/vulkan/explicit_layer.d
[2m2026-07-07T07:45:11.147981Z[0m [32m INFO[0m [2mwgpu_hal::vulkan::instance[0m[2m:[0m 	objects: (type: INSTANCE, hndl: 0x57fda798c4d0, name: ?)
[2m2026-07-07T07:45:11.147984Z[0m [32m INFO[0m [2mwgpu_hal::vulkan::instance[0m[2m:[0m GENERAL [Loader Message (0x0)]
	      /run/current-system/sw/share/vulkan/explicit_layer.d
[2m2026-07-07T07:45:11.147988Z[0m [32m INFO[0m [2mwgpu_hal::vulkan::instance[0m[2m:[0m 	objects: (type: INSTANCE, hndl: 0x57fda798c4d0, name: ?)
[2m2026-07-07T07:45:11.147991Z[0m [32m INFO[0m [2mwgpu_hal::vulkan::instance[0m[2m:[0m GENERAL [Loader Message (0x0)]
	      /nix/store/zag86d0ps9a2rzfjwsf6y9nc17cxb4ci-gnome-shell-50.1/share/gsettings-schemas/gnome-shell-50.1/vulkan/explicit_layer.d
[2m2026-07-07T07:45:11.147996Z[0m [32m INFO[0m [2mwgpu_hal::vulkan::instance[0m[2m:[0m 	objects: (type: INSTANCE, hndl: 0x57fda798c4d0, name: ?)
[2m2026-07-07T07:45:11.148092Z[0m [32m INFO[0m [2mwgpu_hal::vulkan::instance[0m[2m:[0m GENERAL [Loader Message (0x0)]
	   Found the following files:
[2m2026-07-07T07:45:11.148096Z[0m [32m INFO[0m [2mwgpu_hal::vulkan::instance[0m[2m:[0m 	objects: (type: INSTANCE, hndl: 0x57fda798c4d0, name: ?)
[2m2026-07-07T07:45:11.148100Z[0m [32m INFO[0m [2mwgpu_hal::vulkan::instance[0m[2m:[0m GENERAL [Loader Message (0x0)]
	      /run/opengl-driver/share/vulkan/explicit_layer.d/VkLayer_MESA_vram_report_limit.json
[2m2026-07-07T07:45:11.148104Z[0m [32m INFO[0m [2mwgpu_hal::vulkan::instance[0m[2m:[0m 	objects: (type: INSTANCE, hndl: 0x57fda798c4d0, name: ?)
[2m2026-07-07T07:45:11.148107Z[0m [32m INFO[0m [2mwgpu_hal::vulkan::instance[0m[2m:[0m GENERAL [Loader Message (0x0)]
	      /run/opengl-driver/share/vulkan/explicit_layer.d/VkLayer_INTEL_nullhw.json
[2m2026-07-07T07:45:11.148111Z[0m [32m INFO[0m [2mwgpu_hal::vulkan::instance[0m[2m:[0m 	objects: (type: INSTANCE, hndl: 0x57fda798c4d0, name: ?)
[2m2026-07-07T07:45:11.148118Z[0m [32m INFO[0m [2mwgpu_hal::vulkan::instance[0m[2m:[0m GENERAL [Loader Message (0x0)]
	      /run/opengl-driver/share/vulkan/explicit_layer.d/VkLayer_MESA_screenshot.json
[2m2026-07-07T07:45:11.148122Z[0m [32m INFO[0m [2mwgpu_hal::vulkan::instance[0m[2m:[0m 	objects: (type: INSTANCE, hndl: 0x57fda798c4d0, name: ?)
[2m2026-07-07T07:45:11.148126Z[0m [32m INFO[0m [2mwgpu_hal::vulkan::instance[0m[2m:[0m GENERAL [Loader Message (0x0)]
	      /run/opengl-driver/share/vulkan/explicit_layer.d/VkLayer_MESA_overlay.json
[2m2026-07-07T07:45:11.148130Z[0m [32m INFO[0m [2mwgpu_hal::vulkan::instance[0m[2m:[0m 	objects: (type: INSTANCE, hndl: 0x57fda798c4d0, name: ?)
[2m2026-07-07T07:45:11.148150Z[0m [32m INFO[0m [2mwgpu_hal::vulkan::instance[0m[2m:[0m GENERAL [Loader Message (0x0)]
	Found manifest file /run/opengl-driver/share/vulkan/explicit_layer.d/VkLayer_MESA_vram_report_limit.json (file version 1.0.0)
[2m2026-07-07T07:45:11.148155Z[0m [32m INFO[0m [2mwgpu_hal::vulkan::instance[0m[2m:[0m 	objects: (type: INSTANCE, hndl: 0x57fda798c4d0, name: ?)
[2m2026-07-07T07:45:11.148174Z[0m [32m INFO[0m [2mwgpu_hal::vulkan::instance[0m[2m:[0m GENERAL [Loader Message (0x0)]
	Found manifest file /run/opengl-driver/share/vulkan/explicit_layer.d/VkLayer_INTEL_nullhw.json (file version 1.0.0)
[2m2026-07-07T07:45:11.148178Z[0m [32m INFO[0m [2mwgpu_hal::vulkan::instance[0m[2m:[0m 	objects: (type: INSTANCE, hndl: 0x57fda798c4d0, name: ?)
[2m2026-07-07T07:45:11.148194Z[0m [32m INFO[0m [2mwgpu_hal::vulkan::instance[0m[2m:[0m GENERAL [Loader Message (0x0)]
	Found manifest file /run/opengl-driver/share/vulkan/explicit_layer.d/VkLayer_MESA_screenshot.json (file version 1.0.0)
[2m2026-07-07T07:45:11.148199Z[0m [32m INFO[0m [2mwgpu_hal::vulkan::instance[0m[2m:[0m 	objects: (type: INSTANCE, hndl: 0x57fda798c4d0, name: ?)
[2m2026-07-07T07:45:11.148214Z[0m [32m INFO[0m [2mwgpu_hal::vulkan::instance[0m[2m:[0m GENERAL [Loader Message (0x0)]
	Found manifest file /run/opengl-driver/share/vulkan/explicit_layer.d/VkLayer_MESA_overlay.json (file version 1.0.0)
[2m2026-07-07T07:45:11.148219Z[0m [32m INFO[0m [2mwgpu_hal::vulkan::instance[0m[2m:[0m 	objects: (type: INSTANCE, hndl: 0x57fda798c4d0, name: ?)
[2m2026-07-07T07:45:11.148227Z[0m [32m INFO[0m [2mwgpu_hal::vulkan::instance[0m[2m:[0m GENERAL [Loader Message (0x0)]
	Searching for driver manifest files
[2m2026-07-07T07:45:11.148230Z[0m [32m INFO[0m [2mwgpu_hal::vulkan::instance[0m[2m:[0m 	objects: (type: INSTANCE, hndl: 0x57fda798c4d0, name: ?)
[2m2026-07-07T07:45:11.148234Z[0m [32m INFO[0m [2mwgpu_hal::vulkan::instance[0m[2m:[0m GENERAL [Loader Message (0x0)]
	   In following locations:
[2m2026-07-07T07:45:11.148237Z[0m [32m INFO[0m [2mwgpu_hal::vulkan::instance[0m[2m:[0m 	objects: (type: INSTANCE, hndl: 0x57fda798c4d0, name: ?)
[2m2026-07-07T07:45:11.148241Z[0m [32m INFO[0m [2mwgpu_hal::vulkan::instance[0m[2m:[0m GENERAL [Loader Message (0x0)]
	      /run/opengl-driver/share/vulkan/icd.d/lvp_icd.x86_64.json
[2m2026-07-07T07:45:11.148244Z[0m [32m INFO[0m [2mwgpu_hal::vulkan::instance[0m[2m:[0m 	objects: (type: INSTANCE, hndl: 0x57fda798c4d0, name: ?)
[2m2026-07-07T07:45:11.148248Z[0m [32m INFO[0m [2mwgpu_hal::vulkan::instance[0m[2m:[0m GENERAL [Loader Message (0x0)]
	   Found the following files:
[2m2026-07-07T07:45:11.148252Z[0m [32m INFO[0m [2mwgpu_hal::vulkan::instance[0m[2m:[0m 	objects: (type: INSTANCE, hndl: 0x57fda798c4d0, name: ?)
[2m2026-07-07T07:45:11.148255Z[0m [32m INFO[0m [2mwgpu_hal::vulkan::instance[0m[2m:[0m GENERAL [Loader Message (0x0)]
	      /run/opengl-driver/share/vulkan/icd.d/lvp_icd.x86_64.json
[2m2026-07-07T07:45:11.148259Z[0m [32m INFO[0m [2mwgpu_hal::vulkan::instance[0m[2m:[0m 	objects: (type: INSTANCE, hndl: 0x57fda798c4d0, name: ?)
[2m2026-07-07T07:45:11.148274Z[0m [32m INFO[0m [2mwgpu_hal::vulkan::instance[0m[2m:[0m GENERAL [Loader Message (0x0)]
	Found ICD manifest file /run/opengl-driver/share/vulkan/icd.d/lvp_icd.x86_64.json, version 1.0.1
[2m2026-07-07T07:45:11.148281Z[0m [32m INFO[0m [2mwgpu_hal::vulkan::instance[0m[2m:[0m 	objects: (type: INSTANCE, hndl: 0x57fda798c4d0, name: ?)
[2m2026-07-07T07:45:11.148452Z[0m [32m INFO[0m [2mwgpu_hal::vulkan::instance[0m[2m:[0m GENERAL [Loader Message (0x0)]
	Insert instance layer "VK_LAYER_MESA_device_select" (/nix/store/bfkyl4qgipm1vpfls2cqr3kv0afgpbya-mesa-26.1.1/lib/libVkLayer_MESA_device_select.so)
[2m2026-07-07T07:45:11.148459Z[0m [32m INFO[0m [2mwgpu_hal::vulkan::instance[0m[2m:[0m 	objects: (type: INSTANCE, hndl: 0x57fda798c4d0, name: ?)
[2m2026-07-07T07:45:11.148463Z[0m [32m INFO[0m [2mwgpu_hal::vulkan::instance[0m[2m:[0m GENERAL [Loader Message (0x0)]
	vkCreateInstance layer callstack setup to:
[2m2026-07-07T07:45:11.148466Z[0m [32m INFO[0m [2mwgpu_hal::vulkan::instance[0m[2m:[0m 	objects: (type: INSTANCE, hndl: 0x57fda798c4d0, name: ?)
[2m2026-07-07T07:45:11.148470Z[0m [32m INFO[0m [2mwgpu_hal::vulkan::instance[0m[2m:[0m GENERAL [Loader Message (0x0)]
	   <Application>
[2m2026-07-07T07:45:11.148473Z[0m [32m INFO[0m [2mwgpu_hal::vulkan::instance[0m[2m:[0m 	objects: (type: INSTANCE, hndl: 0x57fda798c4d0, name: ?)
[2m2026-07-07T07:45:11.148476Z[0m [32m INFO[0m [2mwgpu_hal::vulkan::instance[0m[2m:[0m GENERAL [Loader Message (0x0)]
	     ||
[2m2026-07-07T07:45:11.148480Z[0m [32m INFO[0m [2mwgpu_hal::vulkan::instance[0m[2m:[0m 	objects: (type: INSTANCE, hndl: 0x57fda798c4d0, name: ?)
[2m2026-07-07T07:45:11.148483Z[0m [32m INFO[0m [2mwgpu_hal::vulkan::instance[0m[2m:[0m GENERAL [Loader Message (0x0)]
	   <Loader>
[2m2026-07-07T07:45:11.148486Z[0m [32m INFO[0m [2mwgpu_hal::vulkan::instance[0m[2m:[0m 	objects: (type: INSTANCE, hndl: 0x57fda798c4d0, name: ?)
[2m2026-07-07T07:45:11.148490Z[0m [32m INFO[0m [2mwgpu_hal::vulkan::instance[0m[2m:[0m GENERAL [Loader Message (0x0)]
	     ||
[2m2026-07-07T07:45:11.148493Z[0m [32m INFO[0m [2mwgpu_hal::vulkan::instance[0m[2m:[0m 	objects: (type: INSTANCE, hndl: 0x57fda798c4d0, name: ?)
[2m2026-07-07T07:45:11.148496Z[0m [32m INFO[0m [2mwgpu_hal::vulkan::instance[0m[2m:[0m GENERAL [Loader Message (0x0)]
	   VK_LAYER_MESA_device_select
[2m2026-07-07T07:45:11.148500Z[0m [32m INFO[0m [2mwgpu_hal::vulkan::instance[0m[2m:[0m 	objects: (type: INSTANCE, hndl: 0x57fda798c4d0, name: ?)
[2m2026-07-07T07:45:11.148503Z[0m [32m INFO[0m [2mwgpu_hal::vulkan::instance[0m[2m:[0m GENERAL [Loader Message (0x0)]
	           Type: Implicit
[2m2026-07-07T07:45:11.148506Z[0m [32m INFO[0m [2mwgpu_hal::vulkan::instance[0m[2m:[0m 	objects: (type: INSTANCE, hndl: 0x57fda798c4d0, name: ?)
[2m2026-07-07T07:45:11.148510Z[0m [32m INFO[0m [2mwgpu_hal::vulkan::instance[0m[2m:[0m GENERAL [Loader Message (0x0)]
	           Enabled By: Implicit Layer
[2m2026-07-07T07:45:11.148513Z[0m [32m INFO[0m [2mwgpu_hal::vulkan::instance[0m[2m:[0m 	objects: (type: INSTANCE, hndl: 0x57fda798c4d0, name: ?)
[2m2026-07-07T07:45:11.148517Z[0m [32m INFO[0m [2mwgpu_hal::vulkan::instance[0m[2m:[0m GENERAL [Loader Message (0x0)]
	               Disable Env Var:  NODEVICE_SELECT
[2m2026-07-07T07:45:11.148520Z[0m [32m INFO[0m [2mwgpu_hal::vulkan::instance[0m[2m:[0m 	objects: (type: INSTANCE, hndl: 0x57fda798c4d0, name: ?)
[2m2026-07-07T07:45:11.148524Z[0m [32m INFO[0m [2mwgpu_hal::vulkan::instance[0m[2m:[0m GENERAL [Loader Message (0x0)]
	           Manifest: /run/opengl-driver/share/vulkan/implicit_layer.d/VkLayer_MESA_device_select.json
[2m2026-07-07T07:45:11.148528Z[0m [32m INFO[0m [2mwgpu_hal::vulkan::instance[0m[2m:[0m 	objects: (type: INSTANCE, hndl: 0x57fda798c4d0, name: ?)
[2m2026-07-07T07:45:11.148532Z[0m [32m INFO[0m [2mwgpu_hal::vulkan::instance[0m[2m:[0m GENERAL [Loader Message (0x0)]
	           Library:  /nix/store/bfkyl4qgipm1vpfls2cqr3kv0afgpbya-mesa-26.1.1/lib/libVkLayer_MESA_device_select.so
[2m2026-07-07T07:45:11.148536Z[0m [32m INFO[0m [2mwgpu_hal::vulkan::instance[0m[2m:[0m 	objects: (type: INSTANCE, hndl: 0x57fda798c4d0, name: ?)
[2m2026-07-07T07:45:11.148543Z[0m [32m INFO[0m [2mwgpu_hal::vulkan::instance[0m[2m:[0m GENERAL [Loader Message (0x0)]
	     ||
[2m2026-07-07T07:45:11.148546Z[0m [32m INFO[0m [2mwgpu_hal::vulkan::instance[0m[2m:[0m 	objects: (type: INSTANCE, hndl: 0x57fda798c4d0, name: ?)
[2m2026-07-07T07:45:11.148550Z[0m [32m INFO[0m [2mwgpu_hal::vulkan::instance[0m[2m:[0m GENERAL [Loader Message (0x0)]
	   <Drivers>
[2m2026-07-07T07:45:11.148553Z[0m [32m INFO[0m [2mwgpu_hal::vulkan::instance[0m[2m:[0m 	objects: (type: INSTANCE, hndl: 0x57fda798c4d0, name: ?)
[2m2026-07-07T07:45:11.148685Z[0m [32m INFO[0m [2mwgpu_hal::vulkan::instance[0m[2m:[0m Enabling debug utils
[2m2026-07-07T07:45:11.157105Z[0m [32m INFO[0m [2mwgpu_hal::vulkan::instance[0m[2m:[0m GENERAL [Loader Message (0x0)]
	linux_read_sorted_physical_devices:
[2m2026-07-07T07:45:11.157140Z[0m [32m INFO[0m [2mwgpu_hal::vulkan::instance[0m[2m:[0m 	objects: (type: INSTANCE, hndl: 0x57fda798c4d0, name: ?)
[2m2026-07-07T07:45:11.157144Z[0m [32m INFO[0m [2mwgpu_hal::vulkan::instance[0m[2m:[0m GENERAL [Loader Message (0x0)]
	     Original order:
[2m2026-07-07T07:45:11.157148Z[0m [32m INFO[0m [2mwgpu_hal::vulkan::instance[0m[2m:[0m 	objects: (type: INSTANCE, hndl: 0x57fda798c4d0, name: ?)
[2m2026-07-07T07:45:11.157170Z[0m [32m INFO[0m [2mwgpu_hal::vulkan::instance[0m[2m:[0m GENERAL [Loader Message (0x0)]
	           [0] llvmpipe (LLVM 21.1.8, 256 bits)
[2m2026-07-07T07:45:11.157174Z[0m [32m INFO[0m [2mwgpu_hal::vulkan::instance[0m[2m:[0m 	objects: (type: INSTANCE, hndl: 0x57fda798c4d0, name: ?)
[2m2026-07-07T07:45:11.157178Z[0m [32m INFO[0m [2mwgpu_hal::vulkan::instance[0m[2m:[0m GENERAL [Loader Message (0x0)]
	     Sorted order:
[2m2026-07-07T07:45:11.157182Z[0m [32m INFO[0m [2mwgpu_hal::vulkan::instance[0m[2m:[0m 	objects: (type: INSTANCE, hndl: 0x57fda798c4d0, name: ?)
[2m2026-07-07T07:45:11.157186Z[0m [32m INFO[0m [2mwgpu_hal::vulkan::instance[0m[2m:[0m GENERAL [Loader Message (0x0)]
	           [0] llvmpipe (LLVM 21.1.8, 256 bits)  
[2m2026-07-07T07:45:11.157190Z[0m [32m INFO[0m [2mwgpu_hal::vulkan::instance[0m[2m:[0m 	objects: (type: INSTANCE, hndl: 0x57fda798c4d0, name: ?)
[2m2026-07-07T07:45:11.157194Z[0m [32m INFO[0m [2mwgpu_hal::vulkan::instance[0m[2m:[0m GENERAL [Loader Message (0x0)]
	linux_read_sorted_physical_devices:
[2m2026-07-07T07:45:11.157198Z[0m [32m INFO[0m [2mwgpu_hal::vulkan::instance[0m[2m:[0m 	objects: (type: INSTANCE, hndl: 0x57fda798c4d0, name: ?)
[2m2026-07-07T07:45:11.157201Z[0m [32m INFO[0m [2mwgpu_hal::vulkan::instance[0m[2m:[0m GENERAL [Loader Message (0x0)]
	     Original order:
[2m2026-07-07T07:45:11.157204Z[0m [32m INFO[0m [2mwgpu_hal::vulkan::instance[0m[2m:[0m 	objects: (type: INSTANCE, hndl: 0x57fda798c4d0, name: ?)
[2m2026-07-07T07:45:11.157215Z[0m [32m INFO[0m [2mwgpu_hal::vulkan::instance[0m[2m:[0m GENERAL [Loader Message (0x0)]
	           [0] llvmpipe (LLVM 21.1.8, 256 bits)
[2m2026-07-07T07:45:11.157219Z[0m [32m INFO[0m [2mwgpu_hal::vulkan::instance[0m[2m:[0m 	objects: (type: INSTANCE, hndl: 0x57fda798c4d0, name: ?)
[2m2026-07-07T07:45:11.157223Z[0m [32m INFO[0m [2mwgpu_hal::vulkan::instance[0m[2m:[0m GENERAL [Loader Message (0x0)]
	     Sorted order:
[2m2026-07-07T07:45:11.157226Z[0m [32m INFO[0m [2mwgpu_hal::vulkan::instance[0m[2m:[0m 	objects: (type: INSTANCE, hndl: 0x57fda798c4d0, name: ?)
[2m2026-07-07T07:45:11.157229Z[0m [32m INFO[0m [2mwgpu_hal::vulkan::instance[0m[2m:[0m GENERAL [Loader Message (0x0)]
	           [0] llvmpipe (LLVM 21.1.8, 256 bits)  
[2m2026-07-07T07:45:11.157233Z[0m [32m INFO[0m [2mwgpu_hal::vulkan::instance[0m[2m:[0m 	objects: (type: INSTANCE, hndl: 0x57fda798c4d0, name: ?)
[2m2026-07-07T07:45:11.157264Z[0m [32m INFO[0m [2mwgpu_hal::vulkan::instance[0m[2m:[0m GENERAL [Loader Message (0x0)]
	linux_read_sorted_physical_devices:
[2m2026-07-07T07:45:11.157277Z[0m [32m INFO[0m [2mwgpu_hal::vulkan::instance[0m[2m:[0m 	objects: (type: INSTANCE, hndl: 0x57fda798c4d0, name: ?)
[2m2026-07-07T07:45:11.157281Z[0m [32m INFO[0m [2mwgpu_hal::vulkan::instance[0m[2m:[0m GENERAL [Loader Message (0x0)]
	     Original order:
[2m2026-07-07T07:45:11.157284Z[0m [32m INFO[0m [2mwgpu_hal::vulkan::instance[0m[2m:[0m 	objects: (type: INSTANCE, hndl: 0x57fda798c4d0, name: ?)
[2m2026-07-07T07:45:11.157293Z[0m [32m INFO[0m [2mwgpu_hal::vulkan::instance[0m[2m:[0m GENERAL [Loader Message (0x0)]
	           [0] llvmpipe (LLVM 21.1.8, 256 bits)
[2m2026-07-07T07:45:11.157296Z[0m [32m INFO[0m [2mwgpu_hal::vulkan::instance[0m[2m:[0m 	objects: (type: INSTANCE, hndl: 0x57fda798c4d0, name: ?)
[2m2026-07-07T07:45:11.157300Z[0m [32m INFO[0m [2mwgpu_hal::vulkan::instance[0m[2m:[0m GENERAL [Loader Message (0x0)]
	     Sorted order:
[2m2026-07-07T07:45:11.157303Z[0m [32m INFO[0m [2mwgpu_hal::vulkan::instance[0m[2m:[0m 	objects: (type: INSTANCE, hndl: 0x57fda798c4d0, name: ?)
[2m2026-07-07T07:45:11.157306Z[0m [32m INFO[0m [2mwgpu_hal::vulkan::instance[0m[2m:[0m GENERAL [Loader Message (0x0)]
	           [0] llvmpipe (LLVM 21.1.8, 256 bits)  
[2m2026-07-07T07:45:11.157310Z[0m [32m INFO[0m [2mwgpu_hal::vulkan::instance[0m[2m:[0m 	objects: (type: INSTANCE, hndl: 0x57fda798c4d0, name: ?)
[2m2026-07-07T07:45:11.157314Z[0m [32m INFO[0m [2mwgpu_hal::vulkan::instance[0m[2m:[0m GENERAL [Loader Message (0x0)]
	linux_read_sorted_physical_devices:
[2m2026-07-07T07:45:11.157317Z[0m [32m INFO[0m [2mwgpu_hal::vulkan::instance[0m[2m:[0m 	objects: (type: INSTANCE, hndl: 0x57fda798c4d0, name: ?)
[2m2026-07-07T07:45:11.157321Z[0m [32m INFO[0m [2mwgpu_hal::vulkan::instance[0m[2m:[0m GENERAL [Loader Message (0x0)]
	     Original order:
[2m2026-07-07T07:45:11.157324Z[0m [32m INFO[0m [2mwgpu_hal::vulkan::instance[0m[2m:[0m 	objects: (type: INSTANCE, hndl: 0x57fda798c4d0, name: ?)
[2m2026-07-07T07:45:11.157333Z[0m [32m INFO[0m [2mwgpu_hal::vulkan::instance[0m[2m:[0m GENERAL [Loader Message (0x0)]
	           [0] llvmpipe (LLVM 21.1.8, 256 bits)
[2m2026-07-07T07:45:11.157337Z[0m [32m INFO[0m [2mwgpu_hal::vulkan::instance[0m[2m:[0m 	objects: (type: INSTANCE, hndl: 0x57fda798c4d0, name: ?)
[2m2026-07-07T07:45:11.157340Z[0m [32m INFO[0m [2mwgpu_hal::vulkan::instance[0m[2m:[0m GENERAL [Loader Message (0x0)]
	     Sorted order:
[2m2026-07-07T07:45:11.157344Z[0m [32m INFO[0m [2mwgpu_hal::vulkan::instance[0m[2m:[0m 	objects: (type: INSTANCE, hndl: 0x57fda798c4d0, name: ?)
[2m2026-07-07T07:45:11.157347Z[0m [32m INFO[0m [2mwgpu_hal::vulkan::instance[0m[2m:[0m GENERAL [Loader Message (0x0)]
	           [0] llvmpipe (LLVM 21.1.8, 256 bits)  
[2m2026-07-07T07:45:11.157351Z[0m [32m INFO[0m [2mwgpu_hal::vulkan::instance[0m[2m:[0m 	objects: (type: INSTANCE, hndl: 0x57fda798c4d0, name: ?)
[2m2026-07-07T07:45:11.157520Z[0m [32m INFO[0m [2mbevy_render::renderer[0m[2m:[0m AdapterInfo { name: "llvmpipe (LLVM 21.1.8, 256 bits)", vendor: 65541, device: 0, device_type: Cpu, driver: "llvmpipe", driver_info: "Mesa 26.1.1 (LLVM 21.1.8)", backend: Vulkan }
[2m2026-07-07T07:45:11.157529Z[0m [33m WARN[0m [2mbevy_render::renderer[0m[2m:[0m The selected adapter is using a driver that only supports software rendering. This is likely to be very slow. See https://bevy.org/learn/errors/b0006/
[2m2026-07-07T07:45:11.157718Z[0m [32m INFO[0m [2mwgpu_hal::vulkan::instance[0m[2m:[0m GENERAL [Loader Message (0x0)]
	Failed to find vkGetDeviceProcAddr in layer "/nix/store/bfkyl4qgipm1vpfls2cqr3kv0afgpbya-mesa-26.1.1/lib/libVkLayer_MESA_device_select.so"
[2m2026-07-07T07:45:11.157723Z[0m [32m INFO[0m [2mwgpu_hal::vulkan::instance[0m[2m:[0m 	objects: (type: INSTANCE, hndl: 0x57fda798c4d0, name: ?)
[2m2026-07-07T07:45:11.157727Z[0m [32m INFO[0m [2mwgpu_hal::vulkan::instance[0m[2m:[0m GENERAL [Loader Message (0x0)]
	vkCreateDevice layer callstack setup to:
[2m2026-07-07T07:45:11.157730Z[0m [32m INFO[0m [2mwgpu_hal::vulkan::instance[0m[2m:[0m 	objects: (type: INSTANCE, hndl: 0x57fda798c4d0, name: ?)
[2m2026-07-07T07:45:11.157739Z[0m [32m INFO[0m [2mwgpu_hal::vulkan::instance[0m[2m:[0m GENERAL [Loader Message (0x0)]
	   <Application>
[2m2026-07-07T07:45:11.157742Z[0m [32m INFO[0m [2mwgpu_hal::vulkan::instance[0m[2m:[0m 	objects: (type: INSTANCE, hndl: 0x57fda798c4d0, name: ?)
[2m2026-07-07T07:45:11.157746Z[0m [32m INFO[0m [2mwgpu_hal::vulkan::instance[0m[2m:[0m GENERAL [Loader Message (0x0)]
	     ||
[2m2026-07-07T07:45:11.157749Z[0m [32m INFO[0m [2mwgpu_hal::vulkan::instance[0m[2m:[0m 	objects: (type: INSTANCE, hndl: 0x57fda798c4d0, name: ?)
[2m2026-07-07T07:45:11.157752Z[0m [32m INFO[0m [2mwgpu_hal::vulkan::instance[0m[2m:[0m GENERAL [Loader Message (0x0)]
	   <Loader>
[2m2026-07-07T07:45:11.157755Z[0m [32m INFO[0m [2mwgpu_hal::vulkan::instance[0m[2m:[0m 	objects: (type: INSTANCE, hndl: 0x57fda798c4d0, name: ?)
[2m2026-07-07T07:45:11.157758Z[0m [32m INFO[0m [2mwgpu_hal::vulkan::instance[0m[2m:[0m GENERAL [Loader Message (0x0)]
	     ||
[2m2026-07-07T07:45:11.157761Z[0m [32m INFO[0m [2mwgpu_hal::vulkan::instance[0m[2m:[0m 	objects: (type: INSTANCE, hndl: 0x57fda798c4d0, name: ?)
[2m2026-07-07T07:45:11.157765Z[0m [32m INFO[0m [2mwgpu_hal::vulkan::instance[0m[2m:[0m GENERAL [Loader Message (0x0)]
	   <Device>
[2m2026-07-07T07:45:11.157768Z[0m [32m INFO[0m [2mwgpu_hal::vulkan::instance[0m[2m:[0m 	objects: (type: INSTANCE, hndl: 0x57fda798c4d0, name: ?)
[2m2026-07-07T07:45:11.157878Z[0m [32m INFO[0m [2mwgpu_hal::vulkan::instance[0m[2m:[0m GENERAL [Loader Message (0x0)]
	       Using "llvmpipe (LLVM 21.1.8, 256 bits)" with driver: "/nix/store/bfkyl4qgipm1vpfls2cqr3kv0afgpbya-mesa-26.1.1/lib/libvulkan_lvp.so"
[2m2026-07-07T07:45:11.157883Z[0m [32m INFO[0m [2mwgpu_hal::vulkan::instance[0m[2m:[0m 	objects: (type: INSTANCE, hndl: 0x57fda798c4d0, name: ?)
[2m2026-07-07T07:45:11.233419Z[0m [33m WARN[0m [2mbevy_audio::audio_output[0m[2m:[0m No audio device found.
[2m2026-07-07T07:45:11.246157Z[0m [33m WARN[0m [2mbevy_rapier3d::plugin::plugin[0m[2m:[0m RapierPhysicsPlugin added but a `RapierContextInitialization` resource was already existing.This might overwrite previous configuration made via `RapierPhysicsPlugin::with_custom_initialization`or `RapierPhysicsPlugin::with_length_unit`.
            The following resource will be used: InitializeDefaultRapierContext { integration_parameters: IntegrationParameters { dt: 0.016666668, min_ccd_dt: 0.00016666668, contact_softness: SpringCoefficients { natural_frequency: 5.0, damping_ratio: 5.0 }, warmstart_coefficient: 1.0, length_unit: 1.0, normalized_allowed_linear_error: 0.001, normalized_max_corrective_velocity: 10.0, normalized_prediction_distance: 0.002, num_solver_iterations: 4, num_internal_pgs_iterations: 1, num_internal_stabilization_iterations: 1, min_island_size: 128, max_ccd_substeps: 1, friction_model: Simplified }, rapier_configuration: RapierConfiguration { gravity: Vec3(0.0, -9.81, 0.0), physics_pipeline_active: true, scaled_shape_subdivision: 10, force_update_from_transform_changes: false } }
[2m2026-07-07T07:45:11.263784Z[0m [32m INFO[0m [2mcrab_world::policy[0m[2m:[0m play: loaded checkpoint from live/ckpt
[2m2026-07-07T07:45:11.285412Z[0m [32m INFO[0m [2mbevy_render::batching::gpu_preprocessing[0m[2m:[0m GPU preprocessing is fully supported on this device.
[2m2026-07-07T07:45:12.485461Z[0m [32m INFO[0m [2mcrab_world::bot::skin::weights[0m[2m:[0m crab skin: stripped cross-part weights on 26271 verts (mesh AssetId<bevy_mesh::mesh::Mesh>{ index: 49, generation: 0})
[2m2026-07-07T07:45:23.728799Z[0m [32m INFO[0m [2mcrab_world::bot::skin::pairing[0m[2m:[0m crab skin paired: env 0 (114 bones driven)
[2m2026-07-07T07:45:34.194734Z[0m [32m INFO[0m [2mnet::render::driver[0m[2m:[0m vehicle: OnFoot -> Plane
[2m2026-07-07T07:45:37.815707Z[0m [32m INFO[0m [2mnet::render::articulation[0m[2m:[0m remote crafts: pilots [1] (was [])
[2m2026-07-07T07:45:43.815511Z[0m [32m INFO[0m [2mnet::render::articulation[0m[2m:[0m remote craft (pilot 1) has moved 5.1m since it appeared
[2m2026-07-07T07:46:24.482486Z[0m [32m INFO[0m [2mnet::render::screenshot[0m[2m:[0m fp screenshot: captured at render frame 450, writing live/client-flying.png
[2m2026-07-07T07:46:25.314930Z[0m [32m INFO[0m [2mbevy_render::view::window::screenshot[0m[2m:[0m Screenshot saved to live/client-flying.png
[2m2026-07-07T07:46:29.270885Z[0m [31mERROR[0m [2miroh::socket[0m[2m:[0m Endpoint dropped without calling `Endpoint::close`. Aborting ungracefully.
