[2m2026-07-07T07:50:42.898211Z[0m [32m INFO[0m [2mswarm_discovery::sender[0m[2m:[0m no addresses for peer, not announcing
[2m2026-07-07T07:50:42.898250Z[0m [32m INFO[0m [2mswarm_discovery::sender[0m[2m:[0m no addresses for peer, not announcing
fp client endpoint id: b7a7fc6b1c0bc97d9157cc1925da77a922f3de0f2e6e3ac786b07a94bafbc427
forming match on the LAN (need 2 player(s), solo if alone after 10s)…
[2m2026-07-07T07:50:43.199740Z[0m [32m INFO[0m [2mswarm_discovery::sender[0m[2m:[0m no addresses for peer, not announcing
forming: 1/2 player(s) live, waiting for agreement…
forming: 2/2 player(s) live, waiting for agreement…
match formed: 2 participant(s), barrier agreed in 5.0s
GCR: the crab asset is synced across all 2 peer(s) — NN crabs eligible
starting round: 2 player(s), I am PlayerId(0)
net-screenshot: formed as host; rendering to live/peerA-run2.png
[2m2026-07-07T07:50:48.206793Z[0m [32m INFO[0m [2mbevy_diagnostic::system_information_diagnostics_plugin::internal[0m[2m:[0m SystemInfo { os: "Linux (NixOS 26.05)", kernel: "6.18.33", cpu: "AMD Ryzen 9 3900X 12-Core Processor", core_count: "12", memory: "31.3 GiB" }
[2m2026-07-07T07:50:48.206898Z[0m [32m INFO[0m [2mbevy_app::terminal_ctrl_c_handler[0m[2m:[0m Skipping installing `Ctrl+C` handler as one was already installed. Please call `TerminalCtrlCHandlerPlugin::gracefully_exit` in your own `Ctrl+C` handler if you want Bevy to gracefully exit on `Ctrl+C`.
[2m2026-07-07T07:50:48.221093Z[0m [33m WARN[0m [2mwgpu_hal::vulkan::instance[0m[2m:[0m Unable to find extension: VK_EXT_acquire_drm_display
[2m2026-07-07T07:50:48.221114Z[0m [33m WARN[0m [2mwgpu_hal::vulkan::instance[0m[2m:[0m Unable to find extension: VK_EXT_direct_mode_display
[2m2026-07-07T07:50:48.221118Z[0m [33m WARN[0m [2mwgpu_hal::vulkan::instance[0m[2m:[0m Unable to find extension: VK_KHR_display
[2m2026-07-07T07:50:48.221122Z[0m [33m WARN[0m [2mwgpu_hal::vulkan::instance[0m[2m:[0m Unable to find extension: VK_EXT_physical_device_drm
[2m2026-07-07T07:50:48.221125Z[0m [33m WARN[0m [2mwgpu_hal::vulkan::instance[0m[2m:[0m Unable to find extension: VK_KHR_get_display_properties2
[2m2026-07-07T07:50:48.222045Z[0m [33m WARN[0m [2mwgpu_hal::vulkan::instance[0m[2m:[0m InstanceFlags::VALIDATION requested, but unable to find layer: VK_LAYER_KHRONOS_validation
[2m2026-07-07T07:50:48.222063Z[0m [32m INFO[0m [2mwgpu_hal::vulkan::instance[0m[2m:[0m GENERAL [Loader Message (0x0)]
	No valid vk_loader_settings.json file found, no loader settings will be active
[2m2026-07-07T07:50:48.222075Z[0m [32m INFO[0m [2mwgpu_hal::vulkan::instance[0m[2m:[0m 	objects: (type: INSTANCE, hndl: 0x5afd78b8a5a0, name: ?)
[2m2026-07-07T07:50:48.222086Z[0m [32m INFO[0m [2mwgpu_hal::vulkan::instance[0m[2m:[0m GENERAL [Loader Message (0x0)]
	Searching for implicit layer manifest files
[2m2026-07-07T07:50:48.222090Z[0m [32m INFO[0m [2mwgpu_hal::vulkan::instance[0m[2m:[0m 	objects: (type: INSTANCE, hndl: 0x5afd78b8a5a0, name: ?)
[2m2026-07-07T07:50:48.222093Z[0m [32m INFO[0m [2mwgpu_hal::vulkan::instance[0m[2m:[0m GENERAL [Loader Message (0x0)]
	   In following locations:
[2m2026-07-07T07:50:48.222097Z[0m [32m INFO[0m [2mwgpu_hal::vulkan::instance[0m[2m:[0m 	objects: (type: INSTANCE, hndl: 0x5afd78b8a5a0, name: ?)
[2m2026-07-07T07:50:48.222100Z[0m [32m INFO[0m [2mwgpu_hal::vulkan::instance[0m[2m:[0m GENERAL [Loader Message (0x0)]
	      /home/bot/.config/vulkan/implicit_layer.d
[2m2026-07-07T07:50:48.222104Z[0m [32m INFO[0m [2mwgpu_hal::vulkan::instance[0m[2m:[0m 	objects: (type: INSTANCE, hndl: 0x5afd78b8a5a0, name: ?)
[2m2026-07-07T07:50:48.222108Z[0m [32m INFO[0m [2mwgpu_hal::vulkan::instance[0m[2m:[0m GENERAL [Loader Message (0x0)]
	      /etc/xdg/vulkan/implicit_layer.d
[2m2026-07-07T07:50:48.222111Z[0m [32m INFO[0m [2mwgpu_hal::vulkan::instance[0m[2m:[0m 	objects: (type: INSTANCE, hndl: 0x5afd78b8a5a0, name: ?)
[2m2026-07-07T07:50:48.222115Z[0m [32m INFO[0m [2mwgpu_hal::vulkan::instance[0m[2m:[0m GENERAL [Loader Message (0x0)]
	      /home/bot/.nix-profile/etc/xdg/vulkan/implicit_layer.d
[2m2026-07-07T07:50:48.222128Z[0m [32m INFO[0m [2mwgpu_hal::vulkan::instance[0m[2m:[0m 	objects: (type: INSTANCE, hndl: 0x5afd78b8a5a0, name: ?)
[2m2026-07-07T07:50:48.222131Z[0m [32m INFO[0m [2mwgpu_hal::vulkan::instance[0m[2m:[0m GENERAL [Loader Message (0x0)]
	      /nix/profile/etc/xdg/vulkan/implicit_layer.d
[2m2026-07-07T07:50:48.222135Z[0m [32m INFO[0m [2mwgpu_hal::vulkan::instance[0m[2m:[0m 	objects: (type: INSTANCE, hndl: 0x5afd78b8a5a0, name: ?)
[2m2026-07-07T07:50:48.222138Z[0m [32m INFO[0m [2mwgpu_hal::vulkan::instance[0m[2m:[0m GENERAL [Loader Message (0x0)]
	      /home/bot/.local/state/nix/profile/etc/xdg/vulkan/implicit_layer.d
[2m2026-07-07T07:50:48.222142Z[0m [32m INFO[0m [2mwgpu_hal::vulkan::instance[0m[2m:[0m 	objects: (type: INSTANCE, hndl: 0x5afd78b8a5a0, name: ?)
[2m2026-07-07T07:50:48.222146Z[0m [32m INFO[0m [2mwgpu_hal::vulkan::instance[0m[2m:[0m GENERAL [Loader Message (0x0)]
	      /etc/profiles/per-user/bot/etc/xdg/vulkan/implicit_layer.d
[2m2026-07-07T07:50:48.222149Z[0m [32m INFO[0m [2mwgpu_hal::vulkan::instance[0m[2m:[0m 	objects: (type: INSTANCE, hndl: 0x5afd78b8a5a0, name: ?)
[2m2026-07-07T07:50:48.222153Z[0m [32m INFO[0m [2mwgpu_hal::vulkan::instance[0m[2m:[0m GENERAL [Loader Message (0x0)]
	      /nix/var/nix/profiles/default/etc/xdg/vulkan/implicit_layer.d
[2m2026-07-07T07:50:48.222156Z[0m [32m INFO[0m [2mwgpu_hal::vulkan::instance[0m[2m:[0m 	objects: (type: INSTANCE, hndl: 0x5afd78b8a5a0, name: ?)
[2m2026-07-07T07:50:48.222160Z[0m [32m INFO[0m [2mwgpu_hal::vulkan::instance[0m[2m:[0m GENERAL [Loader Message (0x0)]
	      /run/current-system/sw/etc/xdg/vulkan/implicit_layer.d
[2m2026-07-07T07:50:48.222163Z[0m [32m INFO[0m [2mwgpu_hal::vulkan::instance[0m[2m:[0m 	objects: (type: INSTANCE, hndl: 0x5afd78b8a5a0, name: ?)
[2m2026-07-07T07:50:48.222167Z[0m [32m INFO[0m [2mwgpu_hal::vulkan::instance[0m[2m:[0m GENERAL [Loader Message (0x0)]
	      /run/opengl-driver/share/vulkan/implicit_layer.d
[2m2026-07-07T07:50:48.222171Z[0m [32m INFO[0m [2mwgpu_hal::vulkan::instance[0m[2m:[0m 	objects: (type: INSTANCE, hndl: 0x5afd78b8a5a0, name: ?)
[2m2026-07-07T07:50:48.222174Z[0m [32m INFO[0m [2mwgpu_hal::vulkan::instance[0m[2m:[0m GENERAL [Loader Message (0x0)]
	      /home/bot/.local/share/vulkan/implicit_layer.d
[2m2026-07-07T07:50:48.222178Z[0m [32m INFO[0m [2mwgpu_hal::vulkan::instance[0m[2m:[0m 	objects: (type: INSTANCE, hndl: 0x5afd78b8a5a0, name: ?)
[2m2026-07-07T07:50:48.222181Z[0m [32m INFO[0m [2mwgpu_hal::vulkan::instance[0m[2m:[0m GENERAL [Loader Message (0x0)]
	      /nix/store/0603svisz5xrhh84m4cdddjrvl9vs8yy-gnome-mimeapps/share/vulkan/implicit_layer.d
[2m2026-07-07T07:50:48.222185Z[0m [32m INFO[0m [2mwgpu_hal::vulkan::instance[0m[2m:[0m 	objects: (type: INSTANCE, hndl: 0x5afd78b8a5a0, name: ?)
[2m2026-07-07T07:50:48.222189Z[0m [32m INFO[0m [2mwgpu_hal::vulkan::instance[0m[2m:[0m GENERAL [Loader Message (0x0)]
	      /nix/store/ycayfga6wngib3hq4qp5n38nzmw8kaah-desktops/share/vulkan/implicit_layer.d
[2m2026-07-07T07:50:48.222192Z[0m [32m INFO[0m [2mwgpu_hal::vulkan::instance[0m[2m:[0m 	objects: (type: INSTANCE, hndl: 0x5afd78b8a5a0, name: ?)
[2m2026-07-07T07:50:48.222196Z[0m [32m INFO[0m [2mwgpu_hal::vulkan::instance[0m[2m:[0m GENERAL [Loader Message (0x0)]
	      /home/bot/.nix-profile/share/vulkan/implicit_layer.d
[2m2026-07-07T07:50:48.222200Z[0m [32m INFO[0m [2mwgpu_hal::vulkan::instance[0m[2m:[0m 	objects: (type: INSTANCE, hndl: 0x5afd78b8a5a0, name: ?)
[2m2026-07-07T07:50:48.222203Z[0m [32m INFO[0m [2mwgpu_hal::vulkan::instance[0m[2m:[0m GENERAL [Loader Message (0x0)]
	      /nix/profile/share/vulkan/implicit_layer.d
[2m2026-07-07T07:50:48.222207Z[0m [32m INFO[0m [2mwgpu_hal::vulkan::instance[0m[2m:[0m 	objects: (type: INSTANCE, hndl: 0x5afd78b8a5a0, name: ?)
[2m2026-07-07T07:50:48.222210Z[0m [32m INFO[0m [2mwgpu_hal::vulkan::instance[0m[2m:[0m GENERAL [Loader Message (0x0)]
	      /home/bot/.local/state/nix/profile/share/vulkan/implicit_layer.d
[2m2026-07-07T07:50:48.222218Z[0m [32m INFO[0m [2mwgpu_hal::vulkan::instance[0m[2m:[0m 	objects: (type: INSTANCE, hndl: 0x5afd78b8a5a0, name: ?)
[2m2026-07-07T07:50:48.222222Z[0m [32m INFO[0m [2mwgpu_hal::vulkan::instance[0m[2m:[0m GENERAL [Loader Message (0x0)]
	      /etc/profiles/per-user/bot/share/vulkan/implicit_layer.d
[2m2026-07-07T07:50:48.222226Z[0m [32m INFO[0m [2mwgpu_hal::vulkan::instance[0m[2m:[0m 	objects: (type: INSTANCE, hndl: 0x5afd78b8a5a0, name: ?)
[2m2026-07-07T07:50:48.222229Z[0m [32m INFO[0m [2mwgpu_hal::vulkan::instance[0m[2m:[0m GENERAL [Loader Message (0x0)]
	      /nix/var/nix/profiles/default/share/vulkan/implicit_layer.d
[2m2026-07-07T07:50:48.222233Z[0m [32m INFO[0m [2mwgpu_hal::vulkan::instance[0m[2m:[0m 	objects: (type: INSTANCE, hndl: 0x5afd78b8a5a0, name: ?)
[2m2026-07-07T07:50:48.222236Z[0m [32m INFO[0m [2mwgpu_hal::vulkan::instance[0m[2m:[0m GENERAL [Loader Message (0x0)]
	      /run/current-system/sw/share/vulkan/implicit_layer.d
[2m2026-07-07T07:50:48.222240Z[0m [32m INFO[0m [2mwgpu_hal::vulkan::instance[0m[2m:[0m 	objects: (type: INSTANCE, hndl: 0x5afd78b8a5a0, name: ?)
[2m2026-07-07T07:50:48.222244Z[0m [32m INFO[0m [2mwgpu_hal::vulkan::instance[0m[2m:[0m GENERAL [Loader Message (0x0)]
	      /nix/store/zag86d0ps9a2rzfjwsf6y9nc17cxb4ci-gnome-shell-50.1/share/gsettings-schemas/gnome-shell-50.1/vulkan/implicit_layer.d
[2m2026-07-07T07:50:48.222248Z[0m [32m INFO[0m [2mwgpu_hal::vulkan::instance[0m[2m:[0m 	objects: (type: INSTANCE, hndl: 0x5afd78b8a5a0, name: ?)
[2m2026-07-07T07:50:48.222325Z[0m [32m INFO[0m [2mwgpu_hal::vulkan::instance[0m[2m:[0m GENERAL [Loader Message (0x0)]
	   Found the following files:
[2m2026-07-07T07:50:48.222329Z[0m [32m INFO[0m [2mwgpu_hal::vulkan::instance[0m[2m:[0m 	objects: (type: INSTANCE, hndl: 0x5afd78b8a5a0, name: ?)
[2m2026-07-07T07:50:48.222333Z[0m [32m INFO[0m [2mwgpu_hal::vulkan::instance[0m[2m:[0m GENERAL [Loader Message (0x0)]
	      /run/opengl-driver/share/vulkan/implicit_layer.d/VkLayer_MESA_anti_lag.json
[2m2026-07-07T07:50:48.222337Z[0m [32m INFO[0m [2mwgpu_hal::vulkan::instance[0m[2m:[0m 	objects: (type: INSTANCE, hndl: 0x5afd78b8a5a0, name: ?)
[2m2026-07-07T07:50:48.222340Z[0m [32m INFO[0m [2mwgpu_hal::vulkan::instance[0m[2m:[0m GENERAL [Loader Message (0x0)]
	      /run/opengl-driver/share/vulkan/implicit_layer.d/VkLayer_MESA_device_select.json
[2m2026-07-07T07:50:48.222344Z[0m [32m INFO[0m [2mwgpu_hal::vulkan::instance[0m[2m:[0m 	objects: (type: INSTANCE, hndl: 0x5afd78b8a5a0, name: ?)
[2m2026-07-07T07:50:48.222348Z[0m [32m INFO[0m [2mwgpu_hal::vulkan::instance[0m[2m:[0m GENERAL [Loader Message (0x0)]
	      /run/opengl-driver/share/vulkan/implicit_layer.d/nvidia_layers.json
[2m2026-07-07T07:50:48.222352Z[0m [32m INFO[0m [2mwgpu_hal::vulkan::instance[0m[2m:[0m 	objects: (type: INSTANCE, hndl: 0x5afd78b8a5a0, name: ?)
[2m2026-07-07T07:50:48.222371Z[0m [32m INFO[0m [2mwgpu_hal::vulkan::instance[0m[2m:[0m GENERAL [Loader Message (0x0)]
	Found manifest file /run/opengl-driver/share/vulkan/implicit_layer.d/VkLayer_MESA_anti_lag.json (file version 1.2.1)
[2m2026-07-07T07:50:48.222376Z[0m [32m INFO[0m [2mwgpu_hal::vulkan::instance[0m[2m:[0m 	objects: (type: INSTANCE, hndl: 0x5afd78b8a5a0, name: ?)
[2m2026-07-07T07:50:48.222399Z[0m [32m INFO[0m [2mwgpu_hal::vulkan::instance[0m[2m:[0m GENERAL [Loader Message (0x0)]
	Found manifest file /run/opengl-driver/share/vulkan/implicit_layer.d/VkLayer_MESA_device_select.json (file version 1.0.0)
[2m2026-07-07T07:50:48.222403Z[0m [32m INFO[0m [2mwgpu_hal::vulkan::instance[0m[2m:[0m 	objects: (type: INSTANCE, hndl: 0x5afd78b8a5a0, name: ?)
[2m2026-07-07T07:50:48.222427Z[0m [32m INFO[0m [2mwgpu_hal::vulkan::instance[0m[2m:[0m GENERAL [Loader Message (0x0)]
	Found manifest file /run/opengl-driver/share/vulkan/implicit_layer.d/nvidia_layers.json (file version 1.0.1)
[2m2026-07-07T07:50:48.222435Z[0m [32m INFO[0m [2mwgpu_hal::vulkan::instance[0m[2m:[0m 	objects: (type: INSTANCE, hndl: 0x5afd78b8a5a0, name: ?)
[2m2026-07-07T07:50:48.222456Z[0m [32m INFO[0m [2mwgpu_hal::vulkan::instance[0m[2m:[0m GENERAL [Loader Message (0x0)]
	Searching for explicit layer manifest files
[2m2026-07-07T07:50:48.222460Z[0m [32m INFO[0m [2mwgpu_hal::vulkan::instance[0m[2m:[0m 	objects: (type: INSTANCE, hndl: 0x5afd78b8a5a0, name: ?)
[2m2026-07-07T07:50:48.222463Z[0m [32m INFO[0m [2mwgpu_hal::vulkan::instance[0m[2m:[0m GENERAL [Loader Message (0x0)]
	   In following locations:
[2m2026-07-07T07:50:48.222466Z[0m [32m INFO[0m [2mwgpu_hal::vulkan::instance[0m[2m:[0m 	objects: (type: INSTANCE, hndl: 0x5afd78b8a5a0, name: ?)
[2m2026-07-07T07:50:48.222470Z[0m [32m INFO[0m [2mwgpu_hal::vulkan::instance[0m[2m:[0m GENERAL [Loader Message (0x0)]
	      /home/bot/.config/vulkan/explicit_layer.d
[2m2026-07-07T07:50:48.222474Z[0m [32m INFO[0m [2mwgpu_hal::vulkan::instance[0m[2m:[0m 	objects: (type: INSTANCE, hndl: 0x5afd78b8a5a0, name: ?)
[2m2026-07-07T07:50:48.222477Z[0m [32m INFO[0m [2mwgpu_hal::vulkan::instance[0m[2m:[0m GENERAL [Loader Message (0x0)]
	      /etc/xdg/vulkan/explicit_layer.d
[2m2026-07-07T07:50:48.222481Z[0m [32m INFO[0m [2mwgpu_hal::vulkan::instance[0m[2m:[0m 	objects: (type: INSTANCE, hndl: 0x5afd78b8a5a0, name: ?)
[2m2026-07-07T07:50:48.222485Z[0m [32m INFO[0m [2mwgpu_hal::vulkan::instance[0m[2m:[0m GENERAL [Loader Message (0x0)]
	      /home/bot/.nix-profile/etc/xdg/vulkan/explicit_layer.d
[2m2026-07-07T07:50:48.222488Z[0m [32m INFO[0m [2mwgpu_hal::vulkan::instance[0m[2m:[0m 	objects: (type: INSTANCE, hndl: 0x5afd78b8a5a0, name: ?)
[2m2026-07-07T07:50:48.222492Z[0m [32m INFO[0m [2mwgpu_hal::vulkan::instance[0m[2m:[0m GENERAL [Loader Message (0x0)]
	      /nix/profile/etc/xdg/vulkan/explicit_layer.d
[2m2026-07-07T07:50:48.222495Z[0m [32m INFO[0m [2mwgpu_hal::vulkan::instance[0m[2m:[0m 	objects: (type: INSTANCE, hndl: 0x5afd78b8a5a0, name: ?)
[2m2026-07-07T07:50:48.222499Z[0m [32m INFO[0m [2mwgpu_hal::vulkan::instance[0m[2m:[0m GENERAL [Loader Message (0x0)]
	      /home/bot/.local/state/nix/profile/etc/xdg/vulkan/explicit_layer.d
[2m2026-07-07T07:50:48.222503Z[0m [32m INFO[0m [2mwgpu_hal::vulkan::instance[0m[2m:[0m 	objects: (type: INSTANCE, hndl: 0x5afd78b8a5a0, name: ?)
[2m2026-07-07T07:50:48.222506Z[0m [32m INFO[0m [2mwgpu_hal::vulkan::instance[0m[2m:[0m GENERAL [Loader Message (0x0)]
	      /etc/profiles/per-user/bot/etc/xdg/vulkan/explicit_layer.d
[2m2026-07-07T07:50:48.222510Z[0m [32m INFO[0m [2mwgpu_hal::vulkan::instance[0m[2m:[0m 	objects: (type: INSTANCE, hndl: 0x5afd78b8a5a0, name: ?)
[2m2026-07-07T07:50:48.222513Z[0m [32m INFO[0m [2mwgpu_hal::vulkan::instance[0m[2m:[0m GENERAL [Loader Message (0x0)]
	      /nix/var/nix/profiles/default/etc/xdg/vulkan/explicit_layer.d
[2m2026-07-07T07:50:48.222517Z[0m [32m INFO[0m [2mwgpu_hal::vulkan::instance[0m[2m:[0m 	objects: (type: INSTANCE, hndl: 0x5afd78b8a5a0, name: ?)
[2m2026-07-07T07:50:48.222520Z[0m [32m INFO[0m [2mwgpu_hal::vulkan::instance[0m[2m:[0m GENERAL [Loader Message (0x0)]
	      /run/current-system/sw/etc/xdg/vulkan/explicit_layer.d
[2m2026-07-07T07:50:48.222524Z[0m [32m INFO[0m [2mwgpu_hal::vulkan::instance[0m[2m:[0m 	objects: (type: INSTANCE, hndl: 0x5afd78b8a5a0, name: ?)
[2m2026-07-07T07:50:48.222528Z[0m [32m INFO[0m [2mwgpu_hal::vulkan::instance[0m[2m:[0m GENERAL [Loader Message (0x0)]
	      /run/opengl-driver/share/vulkan/explicit_layer.d
[2m2026-07-07T07:50:48.222531Z[0m [32m INFO[0m [2mwgpu_hal::vulkan::instance[0m[2m:[0m 	objects: (type: INSTANCE, hndl: 0x5afd78b8a5a0, name: ?)
[2m2026-07-07T07:50:48.222535Z[0m [32m INFO[0m [2mwgpu_hal::vulkan::instance[0m[2m:[0m GENERAL [Loader Message (0x0)]
	      /home/bot/.local/share/vulkan/explicit_layer.d
[2m2026-07-07T07:50:48.222543Z[0m [32m INFO[0m [2mwgpu_hal::vulkan::instance[0m[2m:[0m 	objects: (type: INSTANCE, hndl: 0x5afd78b8a5a0, name: ?)
[2m2026-07-07T07:50:48.222547Z[0m [32m INFO[0m [2mwgpu_hal::vulkan::instance[0m[2m:[0m GENERAL [Loader Message (0x0)]
	      /nix/store/0603svisz5xrhh84m4cdddjrvl9vs8yy-gnome-mimeapps/share/vulkan/explicit_layer.d
[2m2026-07-07T07:50:48.222551Z[0m [32m INFO[0m [2mwgpu_hal::vulkan::instance[0m[2m:[0m 	objects: (type: INSTANCE, hndl: 0x5afd78b8a5a0, name: ?)
[2m2026-07-07T07:50:48.222554Z[0m [32m INFO[0m [2mwgpu_hal::vulkan::instance[0m[2m:[0m GENERAL [Loader Message (0x0)]
	      /nix/store/ycayfga6wngib3hq4qp5n38nzmw8kaah-desktops/share/vulkan/explicit_layer.d
[2m2026-07-07T07:50:48.222558Z[0m [32m INFO[0m [2mwgpu_hal::vulkan::instance[0m[2m:[0m 	objects: (type: INSTANCE, hndl: 0x5afd78b8a5a0, name: ?)
[2m2026-07-07T07:50:48.222562Z[0m [32m INFO[0m [2mwgpu_hal::vulkan::instance[0m[2m:[0m GENERAL [Loader Message (0x0)]
	      /home/bot/.nix-profile/share/vulkan/explicit_layer.d
[2m2026-07-07T07:50:48.222565Z[0m [32m INFO[0m [2mwgpu_hal::vulkan::instance[0m[2m:[0m 	objects: (type: INSTANCE, hndl: 0x5afd78b8a5a0, name: ?)
[2m2026-07-07T07:50:48.222569Z[0m [32m INFO[0m [2mwgpu_hal::vulkan::instance[0m[2m:[0m GENERAL [Loader Message (0x0)]
	      /nix/profile/share/vulkan/explicit_layer.d
[2m2026-07-07T07:50:48.222572Z[0m [32m INFO[0m [2mwgpu_hal::vulkan::instance[0m[2m:[0m 	objects: (type: INSTANCE, hndl: 0x5afd78b8a5a0, name: ?)
[2m2026-07-07T07:50:48.222576Z[0m [32m INFO[0m [2mwgpu_hal::vulkan::instance[0m[2m:[0m GENERAL [Loader Message (0x0)]
	      /home/bot/.local/state/nix/profile/share/vulkan/explicit_layer.d
[2m2026-07-07T07:50:48.222579Z[0m [32m INFO[0m [2mwgpu_hal::vulkan::instance[0m[2m:[0m 	objects: (type: INSTANCE, hndl: 0x5afd78b8a5a0, name: ?)
[2m2026-07-07T07:50:48.222583Z[0m [32m INFO[0m [2mwgpu_hal::vulkan::instance[0m[2m:[0m GENERAL [Loader Message (0x0)]
	      /etc/profiles/per-user/bot/share/vulkan/explicit_layer.d
[2m2026-07-07T07:50:48.222587Z[0m [32m INFO[0m [2mwgpu_hal::vulkan::instance[0m[2m:[0m 	objects: (type: INSTANCE, hndl: 0x5afd78b8a5a0, name: ?)
[2m2026-07-07T07:50:48.222590Z[0m [32m INFO[0m [2mwgpu_hal::vulkan::instance[0m[2m:[0m GENERAL [Loader Message (0x0)]
	      /nix/var/nix/profiles/default/share/vulkan/explicit_layer.d
[2m2026-07-07T07:50:48.222594Z[0m [32m INFO[0m [2mwgpu_hal::vulkan::instance[0m[2m:[0m 	objects: (type: INSTANCE, hndl: 0x5afd78b8a5a0, name: ?)
[2m2026-07-07T07:50:48.222597Z[0m [32m INFO[0m [2mwgpu_hal::vulkan::instance[0m[2m:[0m GENERAL [Loader Message (0x0)]
	      /run/current-system/sw/share/vulkan/explicit_layer.d
[2m2026-07-07T07:50:48.222601Z[0m [32m INFO[0m [2mwgpu_hal::vulkan::instance[0m[2m:[0m 	objects: (type: INSTANCE, hndl: 0x5afd78b8a5a0, name: ?)
[2m2026-07-07T07:50:48.222605Z[0m [32m INFO[0m [2mwgpu_hal::vulkan::instance[0m[2m:[0m GENERAL [Loader Message (0x0)]
	      /nix/store/zag86d0ps9a2rzfjwsf6y9nc17cxb4ci-gnome-shell-50.1/share/gsettings-schemas/gnome-shell-50.1/vulkan/explicit_layer.d
[2m2026-07-07T07:50:48.222609Z[0m [32m INFO[0m [2mwgpu_hal::vulkan::instance[0m[2m:[0m 	objects: (type: INSTANCE, hndl: 0x5afd78b8a5a0, name: ?)
[2m2026-07-07T07:50:48.222701Z[0m [32m INFO[0m [2mwgpu_hal::vulkan::instance[0m[2m:[0m GENERAL [Loader Message (0x0)]
	   Found the following files:
[2m2026-07-07T07:50:48.222705Z[0m [32m INFO[0m [2mwgpu_hal::vulkan::instance[0m[2m:[0m 	objects: (type: INSTANCE, hndl: 0x5afd78b8a5a0, name: ?)
[2m2026-07-07T07:50:48.222709Z[0m [32m INFO[0m [2mwgpu_hal::vulkan::instance[0m[2m:[0m GENERAL [Loader Message (0x0)]
	      /run/opengl-driver/share/vulkan/explicit_layer.d/VkLayer_MESA_vram_report_limit.json
[2m2026-07-07T07:50:48.222713Z[0m [32m INFO[0m [2mwgpu_hal::vulkan::instance[0m[2m:[0m 	objects: (type: INSTANCE, hndl: 0x5afd78b8a5a0, name: ?)
[2m2026-07-07T07:50:48.222716Z[0m [32m INFO[0m [2mwgpu_hal::vulkan::instance[0m[2m:[0m GENERAL [Loader Message (0x0)]
	      /run/opengl-driver/share/vulkan/explicit_layer.d/VkLayer_INTEL_nullhw.json
[2m2026-07-07T07:50:48.222724Z[0m [32m INFO[0m [2mwgpu_hal::vulkan::instance[0m[2m:[0m 	objects: (type: INSTANCE, hndl: 0x5afd78b8a5a0, name: ?)
[2m2026-07-07T07:50:48.222727Z[0m [32m INFO[0m [2mwgpu_hal::vulkan::instance[0m[2m:[0m GENERAL [Loader Message (0x0)]
	      /run/opengl-driver/share/vulkan/explicit_layer.d/VkLayer_MESA_screenshot.json
[2m2026-07-07T07:50:48.222731Z[0m [32m INFO[0m [2mwgpu_hal::vulkan::instance[0m[2m:[0m 	objects: (type: INSTANCE, hndl: 0x5afd78b8a5a0, name: ?)
[2m2026-07-07T07:50:48.222735Z[0m [32m INFO[0m [2mwgpu_hal::vulkan::instance[0m[2m:[0m GENERAL [Loader Message (0x0)]
	      /run/opengl-driver/share/vulkan/explicit_layer.d/VkLayer_MESA_overlay.json
[2m2026-07-07T07:50:48.222739Z[0m [32m INFO[0m [2mwgpu_hal::vulkan::instance[0m[2m:[0m 	objects: (type: INSTANCE, hndl: 0x5afd78b8a5a0, name: ?)
[2m2026-07-07T07:50:48.222759Z[0m [32m INFO[0m [2mwgpu_hal::vulkan::instance[0m[2m:[0m GENERAL [Loader Message (0x0)]
	Found manifest file /run/opengl-driver/share/vulkan/explicit_layer.d/VkLayer_MESA_vram_report_limit.json (file version 1.0.0)
[2m2026-07-07T07:50:48.222764Z[0m [32m INFO[0m [2mwgpu_hal::vulkan::instance[0m[2m:[0m 	objects: (type: INSTANCE, hndl: 0x5afd78b8a5a0, name: ?)
[2m2026-07-07T07:50:48.222782Z[0m [32m INFO[0m [2mwgpu_hal::vulkan::instance[0m[2m:[0m GENERAL [Loader Message (0x0)]
	Found manifest file /run/opengl-driver/share/vulkan/explicit_layer.d/VkLayer_INTEL_nullhw.json (file version 1.0.0)
[2m2026-07-07T07:50:48.222787Z[0m [32m INFO[0m [2mwgpu_hal::vulkan::instance[0m[2m:[0m 	objects: (type: INSTANCE, hndl: 0x5afd78b8a5a0, name: ?)
[2m2026-07-07T07:50:48.222803Z[0m [32m INFO[0m [2mwgpu_hal::vulkan::instance[0m[2m:[0m GENERAL [Loader Message (0x0)]
	Found manifest file /run/opengl-driver/share/vulkan/explicit_layer.d/VkLayer_MESA_screenshot.json (file version 1.0.0)
[2m2026-07-07T07:50:48.222807Z[0m [32m INFO[0m [2mwgpu_hal::vulkan::instance[0m[2m:[0m 	objects: (type: INSTANCE, hndl: 0x5afd78b8a5a0, name: ?)
[2m2026-07-07T07:50:48.222823Z[0m [32m INFO[0m [2mwgpu_hal::vulkan::instance[0m[2m:[0m GENERAL [Loader Message (0x0)]
	Found manifest file /run/opengl-driver/share/vulkan/explicit_layer.d/VkLayer_MESA_overlay.json (file version 1.0.0)
[2m2026-07-07T07:50:48.222827Z[0m [32m INFO[0m [2mwgpu_hal::vulkan::instance[0m[2m:[0m 	objects: (type: INSTANCE, hndl: 0x5afd78b8a5a0, name: ?)
[2m2026-07-07T07:50:48.222835Z[0m [32m INFO[0m [2mwgpu_hal::vulkan::instance[0m[2m:[0m GENERAL [Loader Message (0x0)]
	Searching for driver manifest files
[2m2026-07-07T07:50:48.222839Z[0m [32m INFO[0m [2mwgpu_hal::vulkan::instance[0m[2m:[0m 	objects: (type: INSTANCE, hndl: 0x5afd78b8a5a0, name: ?)
[2m2026-07-07T07:50:48.222842Z[0m [32m INFO[0m [2mwgpu_hal::vulkan::instance[0m[2m:[0m GENERAL [Loader Message (0x0)]
	   In following locations:
[2m2026-07-07T07:50:48.222846Z[0m [32m INFO[0m [2mwgpu_hal::vulkan::instance[0m[2m:[0m 	objects: (type: INSTANCE, hndl: 0x5afd78b8a5a0, name: ?)
[2m2026-07-07T07:50:48.222849Z[0m [32m INFO[0m [2mwgpu_hal::vulkan::instance[0m[2m:[0m GENERAL [Loader Message (0x0)]
	      /run/opengl-driver/share/vulkan/icd.d/lvp_icd.x86_64.json
[2m2026-07-07T07:50:48.222853Z[0m [32m INFO[0m [2mwgpu_hal::vulkan::instance[0m[2m:[0m 	objects: (type: INSTANCE, hndl: 0x5afd78b8a5a0, name: ?)
[2m2026-07-07T07:50:48.222857Z[0m [32m INFO[0m [2mwgpu_hal::vulkan::instance[0m[2m:[0m GENERAL [Loader Message (0x0)]
	   Found the following files:
[2m2026-07-07T07:50:48.222860Z[0m [32m INFO[0m [2mwgpu_hal::vulkan::instance[0m[2m:[0m 	objects: (type: INSTANCE, hndl: 0x5afd78b8a5a0, name: ?)
[2m2026-07-07T07:50:48.222864Z[0m [32m INFO[0m [2mwgpu_hal::vulkan::instance[0m[2m:[0m GENERAL [Loader Message (0x0)]
	      /run/opengl-driver/share/vulkan/icd.d/lvp_icd.x86_64.json
[2m2026-07-07T07:50:48.222872Z[0m [32m INFO[0m [2mwgpu_hal::vulkan::instance[0m[2m:[0m 	objects: (type: INSTANCE, hndl: 0x5afd78b8a5a0, name: ?)
[2m2026-07-07T07:50:48.222887Z[0m [32m INFO[0m [2mwgpu_hal::vulkan::instance[0m[2m:[0m GENERAL [Loader Message (0x0)]
	Found ICD manifest file /run/opengl-driver/share/vulkan/icd.d/lvp_icd.x86_64.json, version 1.0.1
[2m2026-07-07T07:50:48.222891Z[0m [32m INFO[0m [2mwgpu_hal::vulkan::instance[0m[2m:[0m 	objects: (type: INSTANCE, hndl: 0x5afd78b8a5a0, name: ?)
[2m2026-07-07T07:50:48.223079Z[0m [32m INFO[0m [2mwgpu_hal::vulkan::instance[0m[2m:[0m GENERAL [Loader Message (0x0)]
	Insert instance layer "VK_LAYER_MESA_device_select" (/nix/store/bfkyl4qgipm1vpfls2cqr3kv0afgpbya-mesa-26.1.1/lib/libVkLayer_MESA_device_select.so)
[2m2026-07-07T07:50:48.223088Z[0m [32m INFO[0m [2mwgpu_hal::vulkan::instance[0m[2m:[0m 	objects: (type: INSTANCE, hndl: 0x5afd78b8a5a0, name: ?)
[2m2026-07-07T07:50:48.223093Z[0m [32m INFO[0m [2mwgpu_hal::vulkan::instance[0m[2m:[0m GENERAL [Loader Message (0x0)]
	vkCreateInstance layer callstack setup to:
[2m2026-07-07T07:50:48.223097Z[0m [32m INFO[0m [2mwgpu_hal::vulkan::instance[0m[2m:[0m 	objects: (type: INSTANCE, hndl: 0x5afd78b8a5a0, name: ?)
[2m2026-07-07T07:50:48.223100Z[0m [32m INFO[0m [2mwgpu_hal::vulkan::instance[0m[2m:[0m GENERAL [Loader Message (0x0)]
	   <Application>
[2m2026-07-07T07:50:48.223103Z[0m [32m INFO[0m [2mwgpu_hal::vulkan::instance[0m[2m:[0m 	objects: (type: INSTANCE, hndl: 0x5afd78b8a5a0, name: ?)
[2m2026-07-07T07:50:48.223107Z[0m [32m INFO[0m [2mwgpu_hal::vulkan::instance[0m[2m:[0m GENERAL [Loader Message (0x0)]
	     ||
[2m2026-07-07T07:50:48.223110Z[0m [32m INFO[0m [2mwgpu_hal::vulkan::instance[0m[2m:[0m 	objects: (type: INSTANCE, hndl: 0x5afd78b8a5a0, name: ?)
[2m2026-07-07T07:50:48.223113Z[0m [32m INFO[0m [2mwgpu_hal::vulkan::instance[0m[2m:[0m GENERAL [Loader Message (0x0)]
	   <Loader>
[2m2026-07-07T07:50:48.223116Z[0m [32m INFO[0m [2mwgpu_hal::vulkan::instance[0m[2m:[0m 	objects: (type: INSTANCE, hndl: 0x5afd78b8a5a0, name: ?)
[2m2026-07-07T07:50:48.223120Z[0m [32m INFO[0m [2mwgpu_hal::vulkan::instance[0m[2m:[0m GENERAL [Loader Message (0x0)]
	     ||
[2m2026-07-07T07:50:48.223123Z[0m [32m INFO[0m [2mwgpu_hal::vulkan::instance[0m[2m:[0m 	objects: (type: INSTANCE, hndl: 0x5afd78b8a5a0, name: ?)
[2m2026-07-07T07:50:48.223126Z[0m [32m INFO[0m [2mwgpu_hal::vulkan::instance[0m[2m:[0m GENERAL [Loader Message (0x0)]
	   VK_LAYER_MESA_device_select
[2m2026-07-07T07:50:48.223130Z[0m [32m INFO[0m [2mwgpu_hal::vulkan::instance[0m[2m:[0m 	objects: (type: INSTANCE, hndl: 0x5afd78b8a5a0, name: ?)
[2m2026-07-07T07:50:48.223133Z[0m [32m INFO[0m [2mwgpu_hal::vulkan::instance[0m[2m:[0m GENERAL [Loader Message (0x0)]
	           Type: Implicit
[2m2026-07-07T07:50:48.223136Z[0m [32m INFO[0m [2mwgpu_hal::vulkan::instance[0m[2m:[0m 	objects: (type: INSTANCE, hndl: 0x5afd78b8a5a0, name: ?)
[2m2026-07-07T07:50:48.223140Z[0m [32m INFO[0m [2mwgpu_hal::vulkan::instance[0m[2m:[0m GENERAL [Loader Message (0x0)]
	           Enabled By: Implicit Layer
[2m2026-07-07T07:50:48.223143Z[0m [32m INFO[0m [2mwgpu_hal::vulkan::instance[0m[2m:[0m 	objects: (type: INSTANCE, hndl: 0x5afd78b8a5a0, name: ?)
[2m2026-07-07T07:50:48.223147Z[0m [32m INFO[0m [2mwgpu_hal::vulkan::instance[0m[2m:[0m GENERAL [Loader Message (0x0)]
	               Disable Env Var:  NODEVICE_SELECT
[2m2026-07-07T07:50:48.223150Z[0m [32m INFO[0m [2mwgpu_hal::vulkan::instance[0m[2m:[0m 	objects: (type: INSTANCE, hndl: 0x5afd78b8a5a0, name: ?)
[2m2026-07-07T07:50:48.223154Z[0m [32m INFO[0m [2mwgpu_hal::vulkan::instance[0m[2m:[0m GENERAL [Loader Message (0x0)]
	           Manifest: /run/opengl-driver/share/vulkan/implicit_layer.d/VkLayer_MESA_device_select.json
[2m2026-07-07T07:50:48.223158Z[0m [32m INFO[0m [2mwgpu_hal::vulkan::instance[0m[2m:[0m 	objects: (type: INSTANCE, hndl: 0x5afd78b8a5a0, name: ?)
[2m2026-07-07T07:50:48.223172Z[0m [32m INFO[0m [2mwgpu_hal::vulkan::instance[0m[2m:[0m GENERAL [Loader Message (0x0)]
	           Library:  /nix/store/bfkyl4qgipm1vpfls2cqr3kv0afgpbya-mesa-26.1.1/lib/libVkLayer_MESA_device_select.so
[2m2026-07-07T07:50:48.223176Z[0m [32m INFO[0m [2mwgpu_hal::vulkan::instance[0m[2m:[0m 	objects: (type: INSTANCE, hndl: 0x5afd78b8a5a0, name: ?)
[2m2026-07-07T07:50:48.223179Z[0m [32m INFO[0m [2mwgpu_hal::vulkan::instance[0m[2m:[0m GENERAL [Loader Message (0x0)]
	     ||
[2m2026-07-07T07:50:48.223183Z[0m [32m INFO[0m [2mwgpu_hal::vulkan::instance[0m[2m:[0m 	objects: (type: INSTANCE, hndl: 0x5afd78b8a5a0, name: ?)
[2m2026-07-07T07:50:48.223186Z[0m [32m INFO[0m [2mwgpu_hal::vulkan::instance[0m[2m:[0m GENERAL [Loader Message (0x0)]
	   <Drivers>
[2m2026-07-07T07:50:48.223189Z[0m [32m INFO[0m [2mwgpu_hal::vulkan::instance[0m[2m:[0m 	objects: (type: INSTANCE, hndl: 0x5afd78b8a5a0, name: ?)
[2m2026-07-07T07:50:48.223315Z[0m [32m INFO[0m [2mwgpu_hal::vulkan::instance[0m[2m:[0m Enabling debug utils
[2m2026-07-07T07:50:48.225071Z[0m [32m INFO[0m [2mwgpu_hal::vulkan::instance[0m[2m:[0m GENERAL [Loader Message (0x0)]
	linux_read_sorted_physical_devices:
[2m2026-07-07T07:50:48.225094Z[0m [32m INFO[0m [2mwgpu_hal::vulkan::instance[0m[2m:[0m 	objects: (type: INSTANCE, hndl: 0x5afd78b8a5a0, name: ?)
[2m2026-07-07T07:50:48.225097Z[0m [32m INFO[0m [2mwgpu_hal::vulkan::instance[0m[2m:[0m GENERAL [Loader Message (0x0)]
	     Original order:
[2m2026-07-07T07:50:48.225100Z[0m [32m INFO[0m [2mwgpu_hal::vulkan::instance[0m[2m:[0m 	objects: (type: INSTANCE, hndl: 0x5afd78b8a5a0, name: ?)
[2m2026-07-07T07:50:48.225118Z[0m [32m INFO[0m [2mwgpu_hal::vulkan::instance[0m[2m:[0m GENERAL [Loader Message (0x0)]
	           [0] llvmpipe (LLVM 21.1.8, 256 bits)
[2m2026-07-07T07:50:48.225122Z[0m [32m INFO[0m [2mwgpu_hal::vulkan::instance[0m[2m:[0m 	objects: (type: INSTANCE, hndl: 0x5afd78b8a5a0, name: ?)
[2m2026-07-07T07:50:48.225125Z[0m [32m INFO[0m [2mwgpu_hal::vulkan::instance[0m[2m:[0m GENERAL [Loader Message (0x0)]
	     Sorted order:
[2m2026-07-07T07:50:48.225127Z[0m [32m INFO[0m [2mwgpu_hal::vulkan::instance[0m[2m:[0m 	objects: (type: INSTANCE, hndl: 0x5afd78b8a5a0, name: ?)
[2m2026-07-07T07:50:48.225130Z[0m [32m INFO[0m [2mwgpu_hal::vulkan::instance[0m[2m:[0m GENERAL [Loader Message (0x0)]
	           [0] llvmpipe (LLVM 21.1.8, 256 bits)  
[2m2026-07-07T07:50:48.225133Z[0m [32m INFO[0m [2mwgpu_hal::vulkan::instance[0m[2m:[0m 	objects: (type: INSTANCE, hndl: 0x5afd78b8a5a0, name: ?)
[2m2026-07-07T07:50:48.225136Z[0m [32m INFO[0m [2mwgpu_hal::vulkan::instance[0m[2m:[0m GENERAL [Loader Message (0x0)]
	linux_read_sorted_physical_devices:
[2m2026-07-07T07:50:48.225139Z[0m [32m INFO[0m [2mwgpu_hal::vulkan::instance[0m[2m:[0m 	objects: (type: INSTANCE, hndl: 0x5afd78b8a5a0, name: ?)
[2m2026-07-07T07:50:48.225142Z[0m [32m INFO[0m [2mwgpu_hal::vulkan::instance[0m[2m:[0m GENERAL [Loader Message (0x0)]
	     Original order:
[2m2026-07-07T07:50:48.225144Z[0m [32m INFO[0m [2mwgpu_hal::vulkan::instance[0m[2m:[0m 	objects: (type: INSTANCE, hndl: 0x5afd78b8a5a0, name: ?)
[2m2026-07-07T07:50:48.225152Z[0m [32m INFO[0m [2mwgpu_hal::vulkan::instance[0m[2m:[0m GENERAL [Loader Message (0x0)]
	           [0] llvmpipe (LLVM 21.1.8, 256 bits)
[2m2026-07-07T07:50:48.225155Z[0m [32m INFO[0m [2mwgpu_hal::vulkan::instance[0m[2m:[0m 	objects: (type: INSTANCE, hndl: 0x5afd78b8a5a0, name: ?)
[2m2026-07-07T07:50:48.225158Z[0m [32m INFO[0m [2mwgpu_hal::vulkan::instance[0m[2m:[0m GENERAL [Loader Message (0x0)]
	     Sorted order:
[2m2026-07-07T07:50:48.225160Z[0m [32m INFO[0m [2mwgpu_hal::vulkan::instance[0m[2m:[0m 	objects: (type: INSTANCE, hndl: 0x5afd78b8a5a0, name: ?)
[2m2026-07-07T07:50:48.225163Z[0m [32m INFO[0m [2mwgpu_hal::vulkan::instance[0m[2m:[0m GENERAL [Loader Message (0x0)]
	           [0] llvmpipe (LLVM 21.1.8, 256 bits)  
[2m2026-07-07T07:50:48.225165Z[0m [32m INFO[0m [2mwgpu_hal::vulkan::instance[0m[2m:[0m 	objects: (type: INSTANCE, hndl: 0x5afd78b8a5a0, name: ?)
[2m2026-07-07T07:50:48.225196Z[0m [32m INFO[0m [2mwgpu_hal::vulkan::instance[0m[2m:[0m GENERAL [Loader Message (0x0)]
	linux_read_sorted_physical_devices:
[2m2026-07-07T07:50:48.225199Z[0m [32m INFO[0m [2mwgpu_hal::vulkan::instance[0m[2m:[0m 	objects: (type: INSTANCE, hndl: 0x5afd78b8a5a0, name: ?)
[2m2026-07-07T07:50:48.225201Z[0m [32m INFO[0m [2mwgpu_hal::vulkan::instance[0m[2m:[0m GENERAL [Loader Message (0x0)]
	     Original order:
[2m2026-07-07T07:50:48.225204Z[0m [32m INFO[0m [2mwgpu_hal::vulkan::instance[0m[2m:[0m 	objects: (type: INSTANCE, hndl: 0x5afd78b8a5a0, name: ?)
[2m2026-07-07T07:50:48.225211Z[0m [32m INFO[0m [2mwgpu_hal::vulkan::instance[0m[2m:[0m GENERAL [Loader Message (0x0)]
	           [0] llvmpipe (LLVM 21.1.8, 256 bits)
[2m2026-07-07T07:50:48.225213Z[0m [32m INFO[0m [2mwgpu_hal::vulkan::instance[0m[2m:[0m 	objects: (type: INSTANCE, hndl: 0x5afd78b8a5a0, name: ?)
[2m2026-07-07T07:50:48.225216Z[0m [32m INFO[0m [2mwgpu_hal::vulkan::instance[0m[2m:[0m GENERAL [Loader Message (0x0)]
	     Sorted order:
[2m2026-07-07T07:50:48.225219Z[0m [32m INFO[0m [2mwgpu_hal::vulkan::instance[0m[2m:[0m 	objects: (type: INSTANCE, hndl: 0x5afd78b8a5a0, name: ?)
[2m2026-07-07T07:50:48.225221Z[0m [32m INFO[0m [2mwgpu_hal::vulkan::instance[0m[2m:[0m GENERAL [Loader Message (0x0)]
	           [0] llvmpipe (LLVM 21.1.8, 256 bits)  
[2m2026-07-07T07:50:48.225224Z[0m [32m INFO[0m [2mwgpu_hal::vulkan::instance[0m[2m:[0m 	objects: (type: INSTANCE, hndl: 0x5afd78b8a5a0, name: ?)
[2m2026-07-07T07:50:48.225227Z[0m [32m INFO[0m [2mwgpu_hal::vulkan::instance[0m[2m:[0m GENERAL [Loader Message (0x0)]
	linux_read_sorted_physical_devices:
[2m2026-07-07T07:50:48.225230Z[0m [32m INFO[0m [2mwgpu_hal::vulkan::instance[0m[2m:[0m 	objects: (type: INSTANCE, hndl: 0x5afd78b8a5a0, name: ?)
[2m2026-07-07T07:50:48.225232Z[0m [32m INFO[0m [2mwgpu_hal::vulkan::instance[0m[2m:[0m GENERAL [Loader Message (0x0)]
	     Original order:
[2m2026-07-07T07:50:48.225235Z[0m [32m INFO[0m [2mwgpu_hal::vulkan::instance[0m[2m:[0m 	objects: (type: INSTANCE, hndl: 0x5afd78b8a5a0, name: ?)
[2m2026-07-07T07:50:48.225242Z[0m [32m INFO[0m [2mwgpu_hal::vulkan::instance[0m[2m:[0m GENERAL [Loader Message (0x0)]
	           [0] llvmpipe (LLVM 21.1.8, 256 bits)
[2m2026-07-07T07:50:48.225244Z[0m [32m INFO[0m [2mwgpu_hal::vulkan::instance[0m[2m:[0m 	objects: (type: INSTANCE, hndl: 0x5afd78b8a5a0, name: ?)
[2m2026-07-07T07:50:48.225247Z[0m [32m INFO[0m [2mwgpu_hal::vulkan::instance[0m[2m:[0m GENERAL [Loader Message (0x0)]
	     Sorted order:
[2m2026-07-07T07:50:48.225249Z[0m [32m INFO[0m [2mwgpu_hal::vulkan::instance[0m[2m:[0m 	objects: (type: INSTANCE, hndl: 0x5afd78b8a5a0, name: ?)
[2m2026-07-07T07:50:48.225252Z[0m [32m INFO[0m [2mwgpu_hal::vulkan::instance[0m[2m:[0m GENERAL [Loader Message (0x0)]
	           [0] llvmpipe (LLVM 21.1.8, 256 bits)  
[2m2026-07-07T07:50:48.225255Z[0m [32m INFO[0m [2mwgpu_hal::vulkan::instance[0m[2m:[0m 	objects: (type: INSTANCE, hndl: 0x5afd78b8a5a0, name: ?)
[2m2026-07-07T07:50:48.229585Z[0m [32m INFO[0m [2mbevy_render::renderer[0m[2m:[0m AdapterInfo { name: "llvmpipe (LLVM 21.1.8, 256 bits)", vendor: 65541, device: 0, device_type: Cpu, driver: "llvmpipe", driver_info: "Mesa 26.1.1 (LLVM 21.1.8)", backend: Vulkan }
[2m2026-07-07T07:50:48.229613Z[0m [33m WARN[0m [2mbevy_render::renderer[0m[2m:[0m The selected adapter is using a driver that only supports software rendering. This is likely to be very slow. See https://bevy.org/learn/errors/b0006/
[2m2026-07-07T07:50:48.229765Z[0m [32m INFO[0m [2mwgpu_hal::vulkan::instance[0m[2m:[0m GENERAL [Loader Message (0x0)]
	Failed to find vkGetDeviceProcAddr in layer "/nix/store/bfkyl4qgipm1vpfls2cqr3kv0afgpbya-mesa-26.1.1/lib/libVkLayer_MESA_device_select.so"
[2m2026-07-07T07:50:48.229772Z[0m [32m INFO[0m [2mwgpu_hal::vulkan::instance[0m[2m:[0m 	objects: (type: INSTANCE, hndl: 0x5afd78b8a5a0, name: ?)
[2m2026-07-07T07:50:48.229784Z[0m [32m INFO[0m [2mwgpu_hal::vulkan::instance[0m[2m:[0m GENERAL [Loader Message (0x0)]
	vkCreateDevice layer callstack setup to:
[2m2026-07-07T07:50:48.229788Z[0m [32m INFO[0m [2mwgpu_hal::vulkan::instance[0m[2m:[0m 	objects: (type: INSTANCE, hndl: 0x5afd78b8a5a0, name: ?)
[2m2026-07-07T07:50:48.229791Z[0m [32m INFO[0m [2mwgpu_hal::vulkan::instance[0m[2m:[0m GENERAL [Loader Message (0x0)]
	   <Application>
[2m2026-07-07T07:50:48.229795Z[0m [32m INFO[0m [2mwgpu_hal::vulkan::instance[0m[2m:[0m 	objects: (type: INSTANCE, hndl: 0x5afd78b8a5a0, name: ?)
[2m2026-07-07T07:50:48.229798Z[0m [32m INFO[0m [2mwgpu_hal::vulkan::instance[0m[2m:[0m GENERAL [Loader Message (0x0)]
	     ||
[2m2026-07-07T07:50:48.229801Z[0m [32m INFO[0m [2mwgpu_hal::vulkan::instance[0m[2m:[0m 	objects: (type: INSTANCE, hndl: 0x5afd78b8a5a0, name: ?)
[2m2026-07-07T07:50:48.229805Z[0m [32m INFO[0m [2mwgpu_hal::vulkan::instance[0m[2m:[0m GENERAL [Loader Message (0x0)]
	   <Loader>
[2m2026-07-07T07:50:48.229808Z[0m [32m INFO[0m [2mwgpu_hal::vulkan::instance[0m[2m:[0m 	objects: (type: INSTANCE, hndl: 0x5afd78b8a5a0, name: ?)
[2m2026-07-07T07:50:48.229812Z[0m [32m INFO[0m [2mwgpu_hal::vulkan::instance[0m[2m:[0m GENERAL [Loader Message (0x0)]
	     ||
[2m2026-07-07T07:50:48.229815Z[0m [32m INFO[0m [2mwgpu_hal::vulkan::instance[0m[2m:[0m 	objects: (type: INSTANCE, hndl: 0x5afd78b8a5a0, name: ?)
[2m2026-07-07T07:50:48.229818Z[0m [32m INFO[0m [2mwgpu_hal::vulkan::instance[0m[2m:[0m GENERAL [Loader Message (0x0)]
	   <Device>
[2m2026-07-07T07:50:48.229821Z[0m [32m INFO[0m [2mwgpu_hal::vulkan::instance[0m[2m:[0m 	objects: (type: INSTANCE, hndl: 0x5afd78b8a5a0, name: ?)
[2m2026-07-07T07:50:48.229939Z[0m [32m INFO[0m [2mwgpu_hal::vulkan::instance[0m[2m:[0m GENERAL [Loader Message (0x0)]
	       Using "llvmpipe (LLVM 21.1.8, 256 bits)" with driver: "/nix/store/bfkyl4qgipm1vpfls2cqr3kv0afgpbya-mesa-26.1.1/lib/libvulkan_lvp.so"
[2m2026-07-07T07:50:48.229947Z[0m [32m INFO[0m [2mwgpu_hal::vulkan::instance[0m[2m:[0m 	objects: (type: INSTANCE, hndl: 0x5afd78b8a5a0, name: ?)
[2m2026-07-07T07:50:48.445338Z[0m [33m WARN[0m [2mbevy_audio::audio_output[0m[2m:[0m No audio device found.
[2m2026-07-07T07:50:48.466636Z[0m [33m WARN[0m [2mbevy_rapier3d::plugin::plugin[0m[2m:[0m RapierPhysicsPlugin added but a `RapierContextInitialization` resource was already existing.This might overwrite previous configuration made via `RapierPhysicsPlugin::with_custom_initialization`or `RapierPhysicsPlugin::with_length_unit`.
            The following resource will be used: InitializeDefaultRapierContext { integration_parameters: IntegrationParameters { dt: 0.016666668, min_ccd_dt: 0.00016666668, contact_softness: SpringCoefficients { natural_frequency: 5.0, damping_ratio: 5.0 }, warmstart_coefficient: 1.0, length_unit: 1.0, normalized_allowed_linear_error: 0.001, normalized_max_corrective_velocity: 10.0, normalized_prediction_distance: 0.002, num_solver_iterations: 4, num_internal_pgs_iterations: 1, num_internal_stabilization_iterations: 1, min_island_size: 128, max_ccd_substeps: 1, friction_model: Simplified }, rapier_configuration: RapierConfiguration { gravity: Vec3(0.0, -9.81, 0.0), physics_pipeline_active: true, scaled_shape_subdivision: 10, force_update_from_transform_changes: false } }
[2m2026-07-07T07:50:48.490383Z[0m [32m INFO[0m [2mcrab_world::policy[0m[2m:[0m play: loaded checkpoint from live/ckpt
[2m2026-07-07T07:50:48.516128Z[0m [32m INFO[0m [2mbevy_render::batching::gpu_preprocessing[0m[2m:[0m GPU preprocessing is fully supported on this device.
[2m2026-07-07T07:50:49.643793Z[0m [32m INFO[0m [2mcrab_world::bot::skin::weights[0m[2m:[0m crab skin: stripped cross-part weights on 26271 verts (mesh AssetId<bevy_mesh::mesh::Mesh>{ index: 49, generation: 0})
[2m2026-07-07T07:51:01.668766Z[0m [32m INFO[0m [2mcrab_world::bot::skin::pairing[0m[2m:[0m crab skin paired: env 0 (114 bones driven)
[2m2026-07-07T07:51:09.935204Z[0m [32m INFO[0m [2mnet::render::articulation[0m[2m:[0m remote crafts: pilots [1] (was [])
[2m2026-07-07T07:51:13.021946Z[0m [32m INFO[0m [2mnet::render::driver[0m[2m:[0m vehicle: OnFoot -> Plane
[2m2026-07-07T07:51:17.807878Z[0m [32m INFO[0m [2mnet::render::articulation[0m[2m:[0m remote craft (pilot 1) has moved 5.2m since it appeared
[2m2026-07-07T07:51:38.401640Z[0m [32m INFO[0m [2mnet::render::driver[0m[2m:[0m vehicle: Plane -> Ship
[2m2026-07-07T07:52:04.957049Z[0m [32m INFO[0m [2mnet::render::articulation[0m[2m:[0m remote crafts: pilots [] (was [1])
[2m2026-07-07T07:52:18.982095Z[0m [32m INFO[0m [2mnet::render::driver[0m[2m:[0m vehicle: Ship -> OnFoot
[2m2026-07-07T08:00:38.386376Z[0m [32m INFO[0m [2mnet::net_loop[0m[2m:[0m player PlayerId(1) (f8f647dc4a) departed — continuing without them
