[2m2026-07-07T07:50:45.880235Z[0m [32m INFO[0m [2mswarm_discovery::sender[0m[2m:[0m no addresses for peer, not announcing
[2m2026-07-07T07:50:45.880297Z[0m [32m INFO[0m [2mswarm_discovery::sender[0m[2m:[0m no addresses for peer, not announcing
fp client endpoint id: f8f647dc4ab60e6751c923800b8c1d6fc58070735c6347482244c743d1f7bd2d
forming match on the LAN (need 2 player(s), solo if alone after 10s)…
[2m2026-07-07T07:50:46.181030Z[0m [32m INFO[0m [2mswarm_discovery::sender[0m[2m:[0m no addresses for peer, not announcing
forming: 1/2 player(s) live, waiting for agreement…
forming: 2/2 player(s) live, waiting for agreement…
match formed: 2 participant(s), barrier agreed in 2.0s
GCR: the crab asset is synced across all 2 peer(s) — NN crabs eligible
starting round: 2 player(s), I am PlayerId(1)
net-screenshot: formed as client; rendering to live/peerB-run2.png
[2m2026-07-07T07:50:48.187905Z[0m [32m INFO[0m [2mbevy_diagnostic::system_information_diagnostics_plugin::internal[0m[2m:[0m SystemInfo { os: "Linux (NixOS 26.05)", kernel: "6.18.33", cpu: "AMD Ryzen 9 3900X 12-Core Processor", core_count: "12", memory: "31.3 GiB" }
[2m2026-07-07T07:50:48.211370Z[0m [33m WARN[0m [2mwgpu_hal::vulkan::instance[0m[2m:[0m Unable to find extension: VK_EXT_acquire_drm_display
[2m2026-07-07T07:50:48.211396Z[0m [33m WARN[0m [2mwgpu_hal::vulkan::instance[0m[2m:[0m Unable to find extension: VK_EXT_direct_mode_display
[2m2026-07-07T07:50:48.211400Z[0m [33m WARN[0m [2mwgpu_hal::vulkan::instance[0m[2m:[0m Unable to find extension: VK_KHR_display
[2m2026-07-07T07:50:48.211403Z[0m [33m WARN[0m [2mwgpu_hal::vulkan::instance[0m[2m:[0m Unable to find extension: VK_EXT_physical_device_drm
[2m2026-07-07T07:50:48.211407Z[0m [33m WARN[0m [2mwgpu_hal::vulkan::instance[0m[2m:[0m Unable to find extension: VK_KHR_get_display_properties2
[2m2026-07-07T07:50:48.212576Z[0m [33m WARN[0m [2mwgpu_hal::vulkan::instance[0m[2m:[0m InstanceFlags::VALIDATION requested, but unable to find layer: VK_LAYER_KHRONOS_validation
[2m2026-07-07T07:50:48.212594Z[0m [32m INFO[0m [2mwgpu_hal::vulkan::instance[0m[2m:[0m GENERAL [Loader Message (0x0)]
	No valid vk_loader_settings.json file found, no loader settings will be active
[2m2026-07-07T07:50:48.212604Z[0m [32m INFO[0m [2mwgpu_hal::vulkan::instance[0m[2m:[0m 	objects: (type: INSTANCE, hndl: 0x5c23722e60c0, name: ?)
[2m2026-07-07T07:50:48.212614Z[0m [32m INFO[0m [2mwgpu_hal::vulkan::instance[0m[2m:[0m GENERAL [Loader Message (0x0)]
	Searching for implicit layer manifest files
[2m2026-07-07T07:50:48.212618Z[0m [32m INFO[0m [2mwgpu_hal::vulkan::instance[0m[2m:[0m 	objects: (type: INSTANCE, hndl: 0x5c23722e60c0, name: ?)
[2m2026-07-07T07:50:48.212622Z[0m [32m INFO[0m [2mwgpu_hal::vulkan::instance[0m[2m:[0m GENERAL [Loader Message (0x0)]
	   In following locations:
[2m2026-07-07T07:50:48.212625Z[0m [32m INFO[0m [2mwgpu_hal::vulkan::instance[0m[2m:[0m 	objects: (type: INSTANCE, hndl: 0x5c23722e60c0, name: ?)
[2m2026-07-07T07:50:48.212629Z[0m [32m INFO[0m [2mwgpu_hal::vulkan::instance[0m[2m:[0m GENERAL [Loader Message (0x0)]
	      /home/bot/.config/vulkan/implicit_layer.d
[2m2026-07-07T07:50:48.212632Z[0m [32m INFO[0m [2mwgpu_hal::vulkan::instance[0m[2m:[0m 	objects: (type: INSTANCE, hndl: 0x5c23722e60c0, name: ?)
[2m2026-07-07T07:50:48.212636Z[0m [32m INFO[0m [2mwgpu_hal::vulkan::instance[0m[2m:[0m GENERAL [Loader Message (0x0)]
	      /etc/xdg/vulkan/implicit_layer.d
[2m2026-07-07T07:50:48.212640Z[0m [32m INFO[0m [2mwgpu_hal::vulkan::instance[0m[2m:[0m 	objects: (type: INSTANCE, hndl: 0x5c23722e60c0, name: ?)
[2m2026-07-07T07:50:48.212643Z[0m [32m INFO[0m [2mwgpu_hal::vulkan::instance[0m[2m:[0m GENERAL [Loader Message (0x0)]
	      /home/bot/.nix-profile/etc/xdg/vulkan/implicit_layer.d
[2m2026-07-07T07:50:48.212647Z[0m [32m INFO[0m [2mwgpu_hal::vulkan::instance[0m[2m:[0m 	objects: (type: INSTANCE, hndl: 0x5c23722e60c0, name: ?)
[2m2026-07-07T07:50:48.212650Z[0m [32m INFO[0m [2mwgpu_hal::vulkan::instance[0m[2m:[0m GENERAL [Loader Message (0x0)]
	      /nix/profile/etc/xdg/vulkan/implicit_layer.d
[2m2026-07-07T07:50:48.212667Z[0m [32m INFO[0m [2mwgpu_hal::vulkan::instance[0m[2m:[0m 	objects: (type: INSTANCE, hndl: 0x5c23722e60c0, name: ?)
[2m2026-07-07T07:50:48.212670Z[0m [32m INFO[0m [2mwgpu_hal::vulkan::instance[0m[2m:[0m GENERAL [Loader Message (0x0)]
	      /home/bot/.local/state/nix/profile/etc/xdg/vulkan/implicit_layer.d
[2m2026-07-07T07:50:48.212674Z[0m [32m INFO[0m [2mwgpu_hal::vulkan::instance[0m[2m:[0m 	objects: (type: INSTANCE, hndl: 0x5c23722e60c0, name: ?)
[2m2026-07-07T07:50:48.212678Z[0m [32m INFO[0m [2mwgpu_hal::vulkan::instance[0m[2m:[0m GENERAL [Loader Message (0x0)]
	      /etc/profiles/per-user/bot/etc/xdg/vulkan/implicit_layer.d
[2m2026-07-07T07:50:48.212682Z[0m [32m INFO[0m [2mwgpu_hal::vulkan::instance[0m[2m:[0m 	objects: (type: INSTANCE, hndl: 0x5c23722e60c0, name: ?)
[2m2026-07-07T07:50:48.212685Z[0m [32m INFO[0m [2mwgpu_hal::vulkan::instance[0m[2m:[0m GENERAL [Loader Message (0x0)]
	      /nix/var/nix/profiles/default/etc/xdg/vulkan/implicit_layer.d
[2m2026-07-07T07:50:48.212689Z[0m [32m INFO[0m [2mwgpu_hal::vulkan::instance[0m[2m:[0m 	objects: (type: INSTANCE, hndl: 0x5c23722e60c0, name: ?)
[2m2026-07-07T07:50:48.212692Z[0m [32m INFO[0m [2mwgpu_hal::vulkan::instance[0m[2m:[0m GENERAL [Loader Message (0x0)]
	      /run/current-system/sw/etc/xdg/vulkan/implicit_layer.d
[2m2026-07-07T07:50:48.212696Z[0m [32m INFO[0m [2mwgpu_hal::vulkan::instance[0m[2m:[0m 	objects: (type: INSTANCE, hndl: 0x5c23722e60c0, name: ?)
[2m2026-07-07T07:50:48.212700Z[0m [32m INFO[0m [2mwgpu_hal::vulkan::instance[0m[2m:[0m GENERAL [Loader Message (0x0)]
	      /run/opengl-driver/share/vulkan/implicit_layer.d
[2m2026-07-07T07:50:48.212703Z[0m [32m INFO[0m [2mwgpu_hal::vulkan::instance[0m[2m:[0m 	objects: (type: INSTANCE, hndl: 0x5c23722e60c0, name: ?)
[2m2026-07-07T07:50:48.212707Z[0m [32m INFO[0m [2mwgpu_hal::vulkan::instance[0m[2m:[0m GENERAL [Loader Message (0x0)]
	      /home/bot/.local/share/vulkan/implicit_layer.d
[2m2026-07-07T07:50:48.212710Z[0m [32m INFO[0m [2mwgpu_hal::vulkan::instance[0m[2m:[0m 	objects: (type: INSTANCE, hndl: 0x5c23722e60c0, name: ?)
[2m2026-07-07T07:50:48.212714Z[0m [32m INFO[0m [2mwgpu_hal::vulkan::instance[0m[2m:[0m GENERAL [Loader Message (0x0)]
	      /nix/store/0603svisz5xrhh84m4cdddjrvl9vs8yy-gnome-mimeapps/share/vulkan/implicit_layer.d
[2m2026-07-07T07:50:48.212718Z[0m [32m INFO[0m [2mwgpu_hal::vulkan::instance[0m[2m:[0m 	objects: (type: INSTANCE, hndl: 0x5c23722e60c0, name: ?)
[2m2026-07-07T07:50:48.212721Z[0m [32m INFO[0m [2mwgpu_hal::vulkan::instance[0m[2m:[0m GENERAL [Loader Message (0x0)]
	      /nix/store/ycayfga6wngib3hq4qp5n38nzmw8kaah-desktops/share/vulkan/implicit_layer.d
[2m2026-07-07T07:50:48.212725Z[0m [32m INFO[0m [2mwgpu_hal::vulkan::instance[0m[2m:[0m 	objects: (type: INSTANCE, hndl: 0x5c23722e60c0, name: ?)
[2m2026-07-07T07:50:48.212729Z[0m [32m INFO[0m [2mwgpu_hal::vulkan::instance[0m[2m:[0m GENERAL [Loader Message (0x0)]
	      /home/bot/.nix-profile/share/vulkan/implicit_layer.d
[2m2026-07-07T07:50:48.212732Z[0m [32m INFO[0m [2mwgpu_hal::vulkan::instance[0m[2m:[0m 	objects: (type: INSTANCE, hndl: 0x5c23722e60c0, name: ?)
[2m2026-07-07T07:50:48.212736Z[0m [32m INFO[0m [2mwgpu_hal::vulkan::instance[0m[2m:[0m GENERAL [Loader Message (0x0)]
	      /nix/profile/share/vulkan/implicit_layer.d
[2m2026-07-07T07:50:48.212739Z[0m [32m INFO[0m [2mwgpu_hal::vulkan::instance[0m[2m:[0m 	objects: (type: INSTANCE, hndl: 0x5c23722e60c0, name: ?)
[2m2026-07-07T07:50:48.212743Z[0m [32m INFO[0m [2mwgpu_hal::vulkan::instance[0m[2m:[0m GENERAL [Loader Message (0x0)]
	      /home/bot/.local/state/nix/profile/share/vulkan/implicit_layer.d
[2m2026-07-07T07:50:48.212747Z[0m [32m INFO[0m [2mwgpu_hal::vulkan::instance[0m[2m:[0m 	objects: (type: INSTANCE, hndl: 0x5c23722e60c0, name: ?)
[2m2026-07-07T07:50:48.212754Z[0m [32m INFO[0m [2mwgpu_hal::vulkan::instance[0m[2m:[0m GENERAL [Loader Message (0x0)]
	      /etc/profiles/per-user/bot/share/vulkan/implicit_layer.d
[2m2026-07-07T07:50:48.212757Z[0m [32m INFO[0m [2mwgpu_hal::vulkan::instance[0m[2m:[0m 	objects: (type: INSTANCE, hndl: 0x5c23722e60c0, name: ?)
[2m2026-07-07T07:50:48.212761Z[0m [32m INFO[0m [2mwgpu_hal::vulkan::instance[0m[2m:[0m GENERAL [Loader Message (0x0)]
	      /nix/var/nix/profiles/default/share/vulkan/implicit_layer.d
[2m2026-07-07T07:50:48.212765Z[0m [32m INFO[0m [2mwgpu_hal::vulkan::instance[0m[2m:[0m 	objects: (type: INSTANCE, hndl: 0x5c23722e60c0, name: ?)
[2m2026-07-07T07:50:48.212768Z[0m [32m INFO[0m [2mwgpu_hal::vulkan::instance[0m[2m:[0m GENERAL [Loader Message (0x0)]
	      /run/current-system/sw/share/vulkan/implicit_layer.d
[2m2026-07-07T07:50:48.212772Z[0m [32m INFO[0m [2mwgpu_hal::vulkan::instance[0m[2m:[0m 	objects: (type: INSTANCE, hndl: 0x5c23722e60c0, name: ?)
[2m2026-07-07T07:50:48.212775Z[0m [32m INFO[0m [2mwgpu_hal::vulkan::instance[0m[2m:[0m GENERAL [Loader Message (0x0)]
	      /nix/store/zag86d0ps9a2rzfjwsf6y9nc17cxb4ci-gnome-shell-50.1/share/gsettings-schemas/gnome-shell-50.1/vulkan/implicit_layer.d
[2m2026-07-07T07:50:48.212780Z[0m [32m INFO[0m [2mwgpu_hal::vulkan::instance[0m[2m:[0m 	objects: (type: INSTANCE, hndl: 0x5c23722e60c0, name: ?)
[2m2026-07-07T07:50:48.212858Z[0m [32m INFO[0m [2mwgpu_hal::vulkan::instance[0m[2m:[0m GENERAL [Loader Message (0x0)]
	   Found the following files:
[2m2026-07-07T07:50:48.212862Z[0m [32m INFO[0m [2mwgpu_hal::vulkan::instance[0m[2m:[0m 	objects: (type: INSTANCE, hndl: 0x5c23722e60c0, name: ?)
[2m2026-07-07T07:50:48.212866Z[0m [32m INFO[0m [2mwgpu_hal::vulkan::instance[0m[2m:[0m GENERAL [Loader Message (0x0)]
	      /run/opengl-driver/share/vulkan/implicit_layer.d/VkLayer_MESA_anti_lag.json
[2m2026-07-07T07:50:48.212870Z[0m [32m INFO[0m [2mwgpu_hal::vulkan::instance[0m[2m:[0m 	objects: (type: INSTANCE, hndl: 0x5c23722e60c0, name: ?)
[2m2026-07-07T07:50:48.212873Z[0m [32m INFO[0m [2mwgpu_hal::vulkan::instance[0m[2m:[0m GENERAL [Loader Message (0x0)]
	      /run/opengl-driver/share/vulkan/implicit_layer.d/VkLayer_MESA_device_select.json
[2m2026-07-07T07:50:48.212877Z[0m [32m INFO[0m [2mwgpu_hal::vulkan::instance[0m[2m:[0m 	objects: (type: INSTANCE, hndl: 0x5c23722e60c0, name: ?)
[2m2026-07-07T07:50:48.212881Z[0m [32m INFO[0m [2mwgpu_hal::vulkan::instance[0m[2m:[0m GENERAL [Loader Message (0x0)]
	      /run/opengl-driver/share/vulkan/implicit_layer.d/nvidia_layers.json
[2m2026-07-07T07:50:48.212885Z[0m [32m INFO[0m [2mwgpu_hal::vulkan::instance[0m[2m:[0m 	objects: (type: INSTANCE, hndl: 0x5c23722e60c0, name: ?)
[2m2026-07-07T07:50:48.212904Z[0m [32m INFO[0m [2mwgpu_hal::vulkan::instance[0m[2m:[0m GENERAL [Loader Message (0x0)]
	Found manifest file /run/opengl-driver/share/vulkan/implicit_layer.d/VkLayer_MESA_anti_lag.json (file version 1.2.1)
[2m2026-07-07T07:50:48.212908Z[0m [32m INFO[0m [2mwgpu_hal::vulkan::instance[0m[2m:[0m 	objects: (type: INSTANCE, hndl: 0x5c23722e60c0, name: ?)
[2m2026-07-07T07:50:48.212930Z[0m [32m INFO[0m [2mwgpu_hal::vulkan::instance[0m[2m:[0m GENERAL [Loader Message (0x0)]
	Found manifest file /run/opengl-driver/share/vulkan/implicit_layer.d/VkLayer_MESA_device_select.json (file version 1.0.0)
[2m2026-07-07T07:50:48.212945Z[0m [32m INFO[0m [2mwgpu_hal::vulkan::instance[0m[2m:[0m 	objects: (type: INSTANCE, hndl: 0x5c23722e60c0, name: ?)
[2m2026-07-07T07:50:48.212986Z[0m [32m INFO[0m [2mwgpu_hal::vulkan::instance[0m[2m:[0m GENERAL [Loader Message (0x0)]
	Found manifest file /run/opengl-driver/share/vulkan/implicit_layer.d/nvidia_layers.json (file version 1.0.1)
[2m2026-07-07T07:50:48.212990Z[0m [32m INFO[0m [2mwgpu_hal::vulkan::instance[0m[2m:[0m 	objects: (type: INSTANCE, hndl: 0x5c23722e60c0, name: ?)
[2m2026-07-07T07:50:48.213011Z[0m [32m INFO[0m [2mwgpu_hal::vulkan::instance[0m[2m:[0m GENERAL [Loader Message (0x0)]
	Searching for explicit layer manifest files
[2m2026-07-07T07:50:48.213020Z[0m [32m INFO[0m [2mwgpu_hal::vulkan::instance[0m[2m:[0m 	objects: (type: INSTANCE, hndl: 0x5c23722e60c0, name: ?)
[2m2026-07-07T07:50:48.213023Z[0m [32m INFO[0m [2mwgpu_hal::vulkan::instance[0m[2m:[0m GENERAL [Loader Message (0x0)]
	   In following locations:
[2m2026-07-07T07:50:48.213026Z[0m [32m INFO[0m [2mwgpu_hal::vulkan::instance[0m[2m:[0m 	objects: (type: INSTANCE, hndl: 0x5c23722e60c0, name: ?)
[2m2026-07-07T07:50:48.213030Z[0m [32m INFO[0m [2mwgpu_hal::vulkan::instance[0m[2m:[0m GENERAL [Loader Message (0x0)]
	      /home/bot/.config/vulkan/explicit_layer.d
[2m2026-07-07T07:50:48.213034Z[0m [32m INFO[0m [2mwgpu_hal::vulkan::instance[0m[2m:[0m 	objects: (type: INSTANCE, hndl: 0x5c23722e60c0, name: ?)
[2m2026-07-07T07:50:48.213037Z[0m [32m INFO[0m [2mwgpu_hal::vulkan::instance[0m[2m:[0m GENERAL [Loader Message (0x0)]
	      /etc/xdg/vulkan/explicit_layer.d
[2m2026-07-07T07:50:48.213041Z[0m [32m INFO[0m [2mwgpu_hal::vulkan::instance[0m[2m:[0m 	objects: (type: INSTANCE, hndl: 0x5c23722e60c0, name: ?)
[2m2026-07-07T07:50:48.213044Z[0m [32m INFO[0m [2mwgpu_hal::vulkan::instance[0m[2m:[0m GENERAL [Loader Message (0x0)]
	      /home/bot/.nix-profile/etc/xdg/vulkan/explicit_layer.d
[2m2026-07-07T07:50:48.213048Z[0m [32m INFO[0m [2mwgpu_hal::vulkan::instance[0m[2m:[0m 	objects: (type: INSTANCE, hndl: 0x5c23722e60c0, name: ?)
[2m2026-07-07T07:50:48.213051Z[0m [32m INFO[0m [2mwgpu_hal::vulkan::instance[0m[2m:[0m GENERAL [Loader Message (0x0)]
	      /nix/profile/etc/xdg/vulkan/explicit_layer.d
[2m2026-07-07T07:50:48.213055Z[0m [32m INFO[0m [2mwgpu_hal::vulkan::instance[0m[2m:[0m 	objects: (type: INSTANCE, hndl: 0x5c23722e60c0, name: ?)
[2m2026-07-07T07:50:48.213058Z[0m [32m INFO[0m [2mwgpu_hal::vulkan::instance[0m[2m:[0m GENERAL [Loader Message (0x0)]
	      /home/bot/.local/state/nix/profile/etc/xdg/vulkan/explicit_layer.d
[2m2026-07-07T07:50:48.213062Z[0m [32m INFO[0m [2mwgpu_hal::vulkan::instance[0m[2m:[0m 	objects: (type: INSTANCE, hndl: 0x5c23722e60c0, name: ?)
[2m2026-07-07T07:50:48.213066Z[0m [32m INFO[0m [2mwgpu_hal::vulkan::instance[0m[2m:[0m GENERAL [Loader Message (0x0)]
	      /etc/profiles/per-user/bot/etc/xdg/vulkan/explicit_layer.d
[2m2026-07-07T07:50:48.213070Z[0m [32m INFO[0m [2mwgpu_hal::vulkan::instance[0m[2m:[0m 	objects: (type: INSTANCE, hndl: 0x5c23722e60c0, name: ?)
[2m2026-07-07T07:50:48.213073Z[0m [32m INFO[0m [2mwgpu_hal::vulkan::instance[0m[2m:[0m GENERAL [Loader Message (0x0)]
	      /nix/var/nix/profiles/default/etc/xdg/vulkan/explicit_layer.d
[2m2026-07-07T07:50:48.213077Z[0m [32m INFO[0m [2mwgpu_hal::vulkan::instance[0m[2m:[0m 	objects: (type: INSTANCE, hndl: 0x5c23722e60c0, name: ?)
[2m2026-07-07T07:50:48.213080Z[0m [32m INFO[0m [2mwgpu_hal::vulkan::instance[0m[2m:[0m GENERAL [Loader Message (0x0)]
	      /run/current-system/sw/etc/xdg/vulkan/explicit_layer.d
[2m2026-07-07T07:50:48.213084Z[0m [32m INFO[0m [2mwgpu_hal::vulkan::instance[0m[2m:[0m 	objects: (type: INSTANCE, hndl: 0x5c23722e60c0, name: ?)
[2m2026-07-07T07:50:48.213087Z[0m [32m INFO[0m [2mwgpu_hal::vulkan::instance[0m[2m:[0m GENERAL [Loader Message (0x0)]
	      /run/opengl-driver/share/vulkan/explicit_layer.d
[2m2026-07-07T07:50:48.213091Z[0m [32m INFO[0m [2mwgpu_hal::vulkan::instance[0m[2m:[0m 	objects: (type: INSTANCE, hndl: 0x5c23722e60c0, name: ?)
[2m2026-07-07T07:50:48.213095Z[0m [32m INFO[0m [2mwgpu_hal::vulkan::instance[0m[2m:[0m GENERAL [Loader Message (0x0)]
	      /home/bot/.local/share/vulkan/explicit_layer.d
[2m2026-07-07T07:50:48.213098Z[0m [32m INFO[0m [2mwgpu_hal::vulkan::instance[0m[2m:[0m 	objects: (type: INSTANCE, hndl: 0x5c23722e60c0, name: ?)
[2m2026-07-07T07:50:48.213102Z[0m [32m INFO[0m [2mwgpu_hal::vulkan::instance[0m[2m:[0m GENERAL [Loader Message (0x0)]
	      /nix/store/0603svisz5xrhh84m4cdddjrvl9vs8yy-gnome-mimeapps/share/vulkan/explicit_layer.d
[2m2026-07-07T07:50:48.213109Z[0m [32m INFO[0m [2mwgpu_hal::vulkan::instance[0m[2m:[0m 	objects: (type: INSTANCE, hndl: 0x5c23722e60c0, name: ?)
[2m2026-07-07T07:50:48.213114Z[0m [32m INFO[0m [2mwgpu_hal::vulkan::instance[0m[2m:[0m GENERAL [Loader Message (0x0)]
	      /nix/store/ycayfga6wngib3hq4qp5n38nzmw8kaah-desktops/share/vulkan/explicit_layer.d
[2m2026-07-07T07:50:48.213118Z[0m [32m INFO[0m [2mwgpu_hal::vulkan::instance[0m[2m:[0m 	objects: (type: INSTANCE, hndl: 0x5c23722e60c0, name: ?)
[2m2026-07-07T07:50:48.213122Z[0m [32m INFO[0m [2mwgpu_hal::vulkan::instance[0m[2m:[0m GENERAL [Loader Message (0x0)]
	      /home/bot/.nix-profile/share/vulkan/explicit_layer.d
[2m2026-07-07T07:50:48.213126Z[0m [32m INFO[0m [2mwgpu_hal::vulkan::instance[0m[2m:[0m 	objects: (type: INSTANCE, hndl: 0x5c23722e60c0, name: ?)
[2m2026-07-07T07:50:48.213129Z[0m [32m INFO[0m [2mwgpu_hal::vulkan::instance[0m[2m:[0m GENERAL [Loader Message (0x0)]
	      /nix/profile/share/vulkan/explicit_layer.d
[2m2026-07-07T07:50:48.213133Z[0m [32m INFO[0m [2mwgpu_hal::vulkan::instance[0m[2m:[0m 	objects: (type: INSTANCE, hndl: 0x5c23722e60c0, name: ?)
[2m2026-07-07T07:50:48.213136Z[0m [32m INFO[0m [2mwgpu_hal::vulkan::instance[0m[2m:[0m GENERAL [Loader Message (0x0)]
	      /home/bot/.local/state/nix/profile/share/vulkan/explicit_layer.d
[2m2026-07-07T07:50:48.213140Z[0m [32m INFO[0m [2mwgpu_hal::vulkan::instance[0m[2m:[0m 	objects: (type: INSTANCE, hndl: 0x5c23722e60c0, name: ?)
[2m2026-07-07T07:50:48.213144Z[0m [32m INFO[0m [2mwgpu_hal::vulkan::instance[0m[2m:[0m GENERAL [Loader Message (0x0)]
	      /etc/profiles/per-user/bot/share/vulkan/explicit_layer.d
[2m2026-07-07T07:50:48.213147Z[0m [32m INFO[0m [2mwgpu_hal::vulkan::instance[0m[2m:[0m 	objects: (type: INSTANCE, hndl: 0x5c23722e60c0, name: ?)
[2m2026-07-07T07:50:48.213151Z[0m [32m INFO[0m [2mwgpu_hal::vulkan::instance[0m[2m:[0m GENERAL [Loader Message (0x0)]
	      /nix/var/nix/profiles/default/share/vulkan/explicit_layer.d
[2m2026-07-07T07:50:48.213155Z[0m [32m INFO[0m [2mwgpu_hal::vulkan::instance[0m[2m:[0m 	objects: (type: INSTANCE, hndl: 0x5c23722e60c0, name: ?)
[2m2026-07-07T07:50:48.213158Z[0m [32m INFO[0m [2mwgpu_hal::vulkan::instance[0m[2m:[0m GENERAL [Loader Message (0x0)]
	      /run/current-system/sw/share/vulkan/explicit_layer.d
[2m2026-07-07T07:50:48.213162Z[0m [32m INFO[0m [2mwgpu_hal::vulkan::instance[0m[2m:[0m 	objects: (type: INSTANCE, hndl: 0x5c23722e60c0, name: ?)
[2m2026-07-07T07:50:48.213165Z[0m [32m INFO[0m [2mwgpu_hal::vulkan::instance[0m[2m:[0m GENERAL [Loader Message (0x0)]
	      /nix/store/zag86d0ps9a2rzfjwsf6y9nc17cxb4ci-gnome-shell-50.1/share/gsettings-schemas/gnome-shell-50.1/vulkan/explicit_layer.d
[2m2026-07-07T07:50:48.213170Z[0m [32m INFO[0m [2mwgpu_hal::vulkan::instance[0m[2m:[0m 	objects: (type: INSTANCE, hndl: 0x5c23722e60c0, name: ?)
[2m2026-07-07T07:50:48.213262Z[0m [32m INFO[0m [2mwgpu_hal::vulkan::instance[0m[2m:[0m GENERAL [Loader Message (0x0)]
	   Found the following files:
[2m2026-07-07T07:50:48.213266Z[0m [32m INFO[0m [2mwgpu_hal::vulkan::instance[0m[2m:[0m 	objects: (type: INSTANCE, hndl: 0x5c23722e60c0, name: ?)
[2m2026-07-07T07:50:48.213269Z[0m [32m INFO[0m [2mwgpu_hal::vulkan::instance[0m[2m:[0m GENERAL [Loader Message (0x0)]
	      /run/opengl-driver/share/vulkan/explicit_layer.d/VkLayer_MESA_vram_report_limit.json
[2m2026-07-07T07:50:48.213273Z[0m [32m INFO[0m [2mwgpu_hal::vulkan::instance[0m[2m:[0m 	objects: (type: INSTANCE, hndl: 0x5c23722e60c0, name: ?)
[2m2026-07-07T07:50:48.213277Z[0m [32m INFO[0m [2mwgpu_hal::vulkan::instance[0m[2m:[0m GENERAL [Loader Message (0x0)]
	      /run/opengl-driver/share/vulkan/explicit_layer.d/VkLayer_INTEL_nullhw.json
[2m2026-07-07T07:50:48.213281Z[0m [32m INFO[0m [2mwgpu_hal::vulkan::instance[0m[2m:[0m 	objects: (type: INSTANCE, hndl: 0x5c23722e60c0, name: ?)
[2m2026-07-07T07:50:48.213288Z[0m [32m INFO[0m [2mwgpu_hal::vulkan::instance[0m[2m:[0m GENERAL [Loader Message (0x0)]
	      /run/opengl-driver/share/vulkan/explicit_layer.d/VkLayer_MESA_screenshot.json
[2m2026-07-07T07:50:48.213292Z[0m [32m INFO[0m [2mwgpu_hal::vulkan::instance[0m[2m:[0m 	objects: (type: INSTANCE, hndl: 0x5c23722e60c0, name: ?)
[2m2026-07-07T07:50:48.213296Z[0m [32m INFO[0m [2mwgpu_hal::vulkan::instance[0m[2m:[0m GENERAL [Loader Message (0x0)]
	      /run/opengl-driver/share/vulkan/explicit_layer.d/VkLayer_MESA_overlay.json
[2m2026-07-07T07:50:48.213300Z[0m [32m INFO[0m [2mwgpu_hal::vulkan::instance[0m[2m:[0m 	objects: (type: INSTANCE, hndl: 0x5c23722e60c0, name: ?)
[2m2026-07-07T07:50:48.213320Z[0m [32m INFO[0m [2mwgpu_hal::vulkan::instance[0m[2m:[0m GENERAL [Loader Message (0x0)]
	Found manifest file /run/opengl-driver/share/vulkan/explicit_layer.d/VkLayer_MESA_vram_report_limit.json (file version 1.0.0)
[2m2026-07-07T07:50:48.213324Z[0m [32m INFO[0m [2mwgpu_hal::vulkan::instance[0m[2m:[0m 	objects: (type: INSTANCE, hndl: 0x5c23722e60c0, name: ?)
[2m2026-07-07T07:50:48.213343Z[0m [32m INFO[0m [2mwgpu_hal::vulkan::instance[0m[2m:[0m GENERAL [Loader Message (0x0)]
	Found manifest file /run/opengl-driver/share/vulkan/explicit_layer.d/VkLayer_INTEL_nullhw.json (file version 1.0.0)
[2m2026-07-07T07:50:48.213347Z[0m [32m INFO[0m [2mwgpu_hal::vulkan::instance[0m[2m:[0m 	objects: (type: INSTANCE, hndl: 0x5c23722e60c0, name: ?)
[2m2026-07-07T07:50:48.213363Z[0m [32m INFO[0m [2mwgpu_hal::vulkan::instance[0m[2m:[0m GENERAL [Loader Message (0x0)]
	Found manifest file /run/opengl-driver/share/vulkan/explicit_layer.d/VkLayer_MESA_screenshot.json (file version 1.0.0)
[2m2026-07-07T07:50:48.213367Z[0m [32m INFO[0m [2mwgpu_hal::vulkan::instance[0m[2m:[0m 	objects: (type: INSTANCE, hndl: 0x5c23722e60c0, name: ?)
[2m2026-07-07T07:50:48.213383Z[0m [32m INFO[0m [2mwgpu_hal::vulkan::instance[0m[2m:[0m GENERAL [Loader Message (0x0)]
	Found manifest file /run/opengl-driver/share/vulkan/explicit_layer.d/VkLayer_MESA_overlay.json (file version 1.0.0)
[2m2026-07-07T07:50:48.213387Z[0m [32m INFO[0m [2mwgpu_hal::vulkan::instance[0m[2m:[0m 	objects: (type: INSTANCE, hndl: 0x5c23722e60c0, name: ?)
[2m2026-07-07T07:50:48.213395Z[0m [32m INFO[0m [2mwgpu_hal::vulkan::instance[0m[2m:[0m GENERAL [Loader Message (0x0)]
	Searching for driver manifest files
[2m2026-07-07T07:50:48.213399Z[0m [32m INFO[0m [2mwgpu_hal::vulkan::instance[0m[2m:[0m 	objects: (type: INSTANCE, hndl: 0x5c23722e60c0, name: ?)
[2m2026-07-07T07:50:48.213402Z[0m [32m INFO[0m [2mwgpu_hal::vulkan::instance[0m[2m:[0m GENERAL [Loader Message (0x0)]
	   In following locations:
[2m2026-07-07T07:50:48.213406Z[0m [32m INFO[0m [2mwgpu_hal::vulkan::instance[0m[2m:[0m 	objects: (type: INSTANCE, hndl: 0x5c23722e60c0, name: ?)
[2m2026-07-07T07:50:48.213409Z[0m [32m INFO[0m [2mwgpu_hal::vulkan::instance[0m[2m:[0m GENERAL [Loader Message (0x0)]
	      /run/opengl-driver/share/vulkan/icd.d/lvp_icd.x86_64.json
[2m2026-07-07T07:50:48.213413Z[0m [32m INFO[0m [2mwgpu_hal::vulkan::instance[0m[2m:[0m 	objects: (type: INSTANCE, hndl: 0x5c23722e60c0, name: ?)
[2m2026-07-07T07:50:48.213417Z[0m [32m INFO[0m [2mwgpu_hal::vulkan::instance[0m[2m:[0m GENERAL [Loader Message (0x0)]
	   Found the following files:
[2m2026-07-07T07:50:48.213421Z[0m [32m INFO[0m [2mwgpu_hal::vulkan::instance[0m[2m:[0m 	objects: (type: INSTANCE, hndl: 0x5c23722e60c0, name: ?)
[2m2026-07-07T07:50:48.213424Z[0m [32m INFO[0m [2mwgpu_hal::vulkan::instance[0m[2m:[0m GENERAL [Loader Message (0x0)]
	      /run/opengl-driver/share/vulkan/icd.d/lvp_icd.x86_64.json
[2m2026-07-07T07:50:48.213428Z[0m [32m INFO[0m [2mwgpu_hal::vulkan::instance[0m[2m:[0m 	objects: (type: INSTANCE, hndl: 0x5c23722e60c0, name: ?)
[2m2026-07-07T07:50:48.213442Z[0m [32m INFO[0m [2mwgpu_hal::vulkan::instance[0m[2m:[0m GENERAL [Loader Message (0x0)]
	Found ICD manifest file /run/opengl-driver/share/vulkan/icd.d/lvp_icd.x86_64.json, version 1.0.1
[2m2026-07-07T07:50:48.213451Z[0m [32m INFO[0m [2mwgpu_hal::vulkan::instance[0m[2m:[0m 	objects: (type: INSTANCE, hndl: 0x5c23722e60c0, name: ?)
[2m2026-07-07T07:50:48.213632Z[0m [32m INFO[0m [2mwgpu_hal::vulkan::instance[0m[2m:[0m GENERAL [Loader Message (0x0)]
	Insert instance layer "VK_LAYER_MESA_device_select" (/nix/store/bfkyl4qgipm1vpfls2cqr3kv0afgpbya-mesa-26.1.1/lib/libVkLayer_MESA_device_select.so)
[2m2026-07-07T07:50:48.213638Z[0m [32m INFO[0m [2mwgpu_hal::vulkan::instance[0m[2m:[0m 	objects: (type: INSTANCE, hndl: 0x5c23722e60c0, name: ?)
[2m2026-07-07T07:50:48.213644Z[0m [32m INFO[0m [2mwgpu_hal::vulkan::instance[0m[2m:[0m GENERAL [Loader Message (0x0)]
	vkCreateInstance layer callstack setup to:
[2m2026-07-07T07:50:48.213648Z[0m [32m INFO[0m [2mwgpu_hal::vulkan::instance[0m[2m:[0m 	objects: (type: INSTANCE, hndl: 0x5c23722e60c0, name: ?)
[2m2026-07-07T07:50:48.213651Z[0m [32m INFO[0m [2mwgpu_hal::vulkan::instance[0m[2m:[0m GENERAL [Loader Message (0x0)]
	   <Application>
[2m2026-07-07T07:50:48.213655Z[0m [32m INFO[0m [2mwgpu_hal::vulkan::instance[0m[2m:[0m 	objects: (type: INSTANCE, hndl: 0x5c23722e60c0, name: ?)
[2m2026-07-07T07:50:48.213658Z[0m [32m INFO[0m [2mwgpu_hal::vulkan::instance[0m[2m:[0m GENERAL [Loader Message (0x0)]
	     ||
[2m2026-07-07T07:50:48.213662Z[0m [32m INFO[0m [2mwgpu_hal::vulkan::instance[0m[2m:[0m 	objects: (type: INSTANCE, hndl: 0x5c23722e60c0, name: ?)
[2m2026-07-07T07:50:48.213665Z[0m [32m INFO[0m [2mwgpu_hal::vulkan::instance[0m[2m:[0m GENERAL [Loader Message (0x0)]
	   <Loader>
[2m2026-07-07T07:50:48.213668Z[0m [32m INFO[0m [2mwgpu_hal::vulkan::instance[0m[2m:[0m 	objects: (type: INSTANCE, hndl: 0x5c23722e60c0, name: ?)
[2m2026-07-07T07:50:48.213672Z[0m [32m INFO[0m [2mwgpu_hal::vulkan::instance[0m[2m:[0m GENERAL [Loader Message (0x0)]
	     ||
[2m2026-07-07T07:50:48.213675Z[0m [32m INFO[0m [2mwgpu_hal::vulkan::instance[0m[2m:[0m 	objects: (type: INSTANCE, hndl: 0x5c23722e60c0, name: ?)
[2m2026-07-07T07:50:48.213679Z[0m [32m INFO[0m [2mwgpu_hal::vulkan::instance[0m[2m:[0m GENERAL [Loader Message (0x0)]
	   VK_LAYER_MESA_device_select
[2m2026-07-07T07:50:48.213682Z[0m [32m INFO[0m [2mwgpu_hal::vulkan::instance[0m[2m:[0m 	objects: (type: INSTANCE, hndl: 0x5c23722e60c0, name: ?)
[2m2026-07-07T07:50:48.213686Z[0m [32m INFO[0m [2mwgpu_hal::vulkan::instance[0m[2m:[0m GENERAL [Loader Message (0x0)]
	           Type: Implicit
[2m2026-07-07T07:50:48.213689Z[0m [32m INFO[0m [2mwgpu_hal::vulkan::instance[0m[2m:[0m 	objects: (type: INSTANCE, hndl: 0x5c23722e60c0, name: ?)
[2m2026-07-07T07:50:48.213692Z[0m [32m INFO[0m [2mwgpu_hal::vulkan::instance[0m[2m:[0m GENERAL [Loader Message (0x0)]
	           Enabled By: Implicit Layer
[2m2026-07-07T07:50:48.213696Z[0m [32m INFO[0m [2mwgpu_hal::vulkan::instance[0m[2m:[0m 	objects: (type: INSTANCE, hndl: 0x5c23722e60c0, name: ?)
[2m2026-07-07T07:50:48.213699Z[0m [32m INFO[0m [2mwgpu_hal::vulkan::instance[0m[2m:[0m GENERAL [Loader Message (0x0)]
	               Disable Env Var:  NODEVICE_SELECT
[2m2026-07-07T07:50:48.213703Z[0m [32m INFO[0m [2mwgpu_hal::vulkan::instance[0m[2m:[0m 	objects: (type: INSTANCE, hndl: 0x5c23722e60c0, name: ?)
[2m2026-07-07T07:50:48.213707Z[0m [32m INFO[0m [2mwgpu_hal::vulkan::instance[0m[2m:[0m GENERAL [Loader Message (0x0)]
	           Manifest: /run/opengl-driver/share/vulkan/implicit_layer.d/VkLayer_MESA_device_select.json
[2m2026-07-07T07:50:48.213711Z[0m [32m INFO[0m [2mwgpu_hal::vulkan::instance[0m[2m:[0m 	objects: (type: INSTANCE, hndl: 0x5c23722e60c0, name: ?)
[2m2026-07-07T07:50:48.213714Z[0m [32m INFO[0m [2mwgpu_hal::vulkan::instance[0m[2m:[0m GENERAL [Loader Message (0x0)]
	           Library:  /nix/store/bfkyl4qgipm1vpfls2cqr3kv0afgpbya-mesa-26.1.1/lib/libVkLayer_MESA_device_select.so
[2m2026-07-07T07:50:48.213719Z[0m [32m INFO[0m [2mwgpu_hal::vulkan::instance[0m[2m:[0m 	objects: (type: INSTANCE, hndl: 0x5c23722e60c0, name: ?)
[2m2026-07-07T07:50:48.213726Z[0m [32m INFO[0m [2mwgpu_hal::vulkan::instance[0m[2m:[0m GENERAL [Loader Message (0x0)]
	     ||
[2m2026-07-07T07:50:48.213730Z[0m [32m INFO[0m [2mwgpu_hal::vulkan::instance[0m[2m:[0m 	objects: (type: INSTANCE, hndl: 0x5c23722e60c0, name: ?)
[2m2026-07-07T07:50:48.213733Z[0m [32m INFO[0m [2mwgpu_hal::vulkan::instance[0m[2m:[0m GENERAL [Loader Message (0x0)]
	   <Drivers>
[2m2026-07-07T07:50:48.213736Z[0m [32m INFO[0m [2mwgpu_hal::vulkan::instance[0m[2m:[0m 	objects: (type: INSTANCE, hndl: 0x5c23722e60c0, name: ?)
[2m2026-07-07T07:50:48.213869Z[0m [32m INFO[0m [2mwgpu_hal::vulkan::instance[0m[2m:[0m Enabling debug utils
[2m2026-07-07T07:50:48.219056Z[0m [32m INFO[0m [2mwgpu_hal::vulkan::instance[0m[2m:[0m GENERAL [Loader Message (0x0)]
	linux_read_sorted_physical_devices:
[2m2026-07-07T07:50:48.219069Z[0m [32m INFO[0m [2mwgpu_hal::vulkan::instance[0m[2m:[0m 	objects: (type: INSTANCE, hndl: 0x5c23722e60c0, name: ?)
[2m2026-07-07T07:50:48.219072Z[0m [32m INFO[0m [2mwgpu_hal::vulkan::instance[0m[2m:[0m GENERAL [Loader Message (0x0)]
	     Original order:
[2m2026-07-07T07:50:48.219075Z[0m [32m INFO[0m [2mwgpu_hal::vulkan::instance[0m[2m:[0m 	objects: (type: INSTANCE, hndl: 0x5c23722e60c0, name: ?)
[2m2026-07-07T07:50:48.219092Z[0m [32m INFO[0m [2mwgpu_hal::vulkan::instance[0m[2m:[0m GENERAL [Loader Message (0x0)]
	           [0] llvmpipe (LLVM 21.1.8, 256 bits)
[2m2026-07-07T07:50:48.219095Z[0m [32m INFO[0m [2mwgpu_hal::vulkan::instance[0m[2m:[0m 	objects: (type: INSTANCE, hndl: 0x5c23722e60c0, name: ?)
[2m2026-07-07T07:50:48.219098Z[0m [32m INFO[0m [2mwgpu_hal::vulkan::instance[0m[2m:[0m GENERAL [Loader Message (0x0)]
	     Sorted order:
[2m2026-07-07T07:50:48.219100Z[0m [32m INFO[0m [2mwgpu_hal::vulkan::instance[0m[2m:[0m 	objects: (type: INSTANCE, hndl: 0x5c23722e60c0, name: ?)
[2m2026-07-07T07:50:48.219103Z[0m [32m INFO[0m [2mwgpu_hal::vulkan::instance[0m[2m:[0m GENERAL [Loader Message (0x0)]
	           [0] llvmpipe (LLVM 21.1.8, 256 bits)  
[2m2026-07-07T07:50:48.219106Z[0m [32m INFO[0m [2mwgpu_hal::vulkan::instance[0m[2m:[0m 	objects: (type: INSTANCE, hndl: 0x5c23722e60c0, name: ?)
[2m2026-07-07T07:50:48.219109Z[0m [32m INFO[0m [2mwgpu_hal::vulkan::instance[0m[2m:[0m GENERAL [Loader Message (0x0)]
	linux_read_sorted_physical_devices:
[2m2026-07-07T07:50:48.219112Z[0m [32m INFO[0m [2mwgpu_hal::vulkan::instance[0m[2m:[0m 	objects: (type: INSTANCE, hndl: 0x5c23722e60c0, name: ?)
[2m2026-07-07T07:50:48.219114Z[0m [32m INFO[0m [2mwgpu_hal::vulkan::instance[0m[2m:[0m GENERAL [Loader Message (0x0)]
	     Original order:
[2m2026-07-07T07:50:48.219117Z[0m [32m INFO[0m [2mwgpu_hal::vulkan::instance[0m[2m:[0m 	objects: (type: INSTANCE, hndl: 0x5c23722e60c0, name: ?)
[2m2026-07-07T07:50:48.219125Z[0m [32m INFO[0m [2mwgpu_hal::vulkan::instance[0m[2m:[0m GENERAL [Loader Message (0x0)]
	           [0] llvmpipe (LLVM 21.1.8, 256 bits)
[2m2026-07-07T07:50:48.219127Z[0m [32m INFO[0m [2mwgpu_hal::vulkan::instance[0m[2m:[0m 	objects: (type: INSTANCE, hndl: 0x5c23722e60c0, name: ?)
[2m2026-07-07T07:50:48.219130Z[0m [32m INFO[0m [2mwgpu_hal::vulkan::instance[0m[2m:[0m GENERAL [Loader Message (0x0)]
	     Sorted order:
[2m2026-07-07T07:50:48.219133Z[0m [32m INFO[0m [2mwgpu_hal::vulkan::instance[0m[2m:[0m 	objects: (type: INSTANCE, hndl: 0x5c23722e60c0, name: ?)
[2m2026-07-07T07:50:48.219135Z[0m [32m INFO[0m [2mwgpu_hal::vulkan::instance[0m[2m:[0m GENERAL [Loader Message (0x0)]
	           [0] llvmpipe (LLVM 21.1.8, 256 bits)  
[2m2026-07-07T07:50:48.219138Z[0m [32m INFO[0m [2mwgpu_hal::vulkan::instance[0m[2m:[0m 	objects: (type: INSTANCE, hndl: 0x5c23722e60c0, name: ?)
[2m2026-07-07T07:50:48.219159Z[0m [32m INFO[0m [2mwgpu_hal::vulkan::instance[0m[2m:[0m GENERAL [Loader Message (0x0)]
	linux_read_sorted_physical_devices:
[2m2026-07-07T07:50:48.219167Z[0m [32m INFO[0m [2mwgpu_hal::vulkan::instance[0m[2m:[0m 	objects: (type: INSTANCE, hndl: 0x5c23722e60c0, name: ?)
[2m2026-07-07T07:50:48.219170Z[0m [32m INFO[0m [2mwgpu_hal::vulkan::instance[0m[2m:[0m GENERAL [Loader Message (0x0)]
	     Original order:
[2m2026-07-07T07:50:48.219173Z[0m [32m INFO[0m [2mwgpu_hal::vulkan::instance[0m[2m:[0m 	objects: (type: INSTANCE, hndl: 0x5c23722e60c0, name: ?)
[2m2026-07-07T07:50:48.219180Z[0m [32m INFO[0m [2mwgpu_hal::vulkan::instance[0m[2m:[0m GENERAL [Loader Message (0x0)]
	           [0] llvmpipe (LLVM 21.1.8, 256 bits)
[2m2026-07-07T07:50:48.219182Z[0m [32m INFO[0m [2mwgpu_hal::vulkan::instance[0m[2m:[0m 	objects: (type: INSTANCE, hndl: 0x5c23722e60c0, name: ?)
[2m2026-07-07T07:50:48.219185Z[0m [32m INFO[0m [2mwgpu_hal::vulkan::instance[0m[2m:[0m GENERAL [Loader Message (0x0)]
	     Sorted order:
[2m2026-07-07T07:50:48.219188Z[0m [32m INFO[0m [2mwgpu_hal::vulkan::instance[0m[2m:[0m 	objects: (type: INSTANCE, hndl: 0x5c23722e60c0, name: ?)
[2m2026-07-07T07:50:48.219190Z[0m [32m INFO[0m [2mwgpu_hal::vulkan::instance[0m[2m:[0m GENERAL [Loader Message (0x0)]
	           [0] llvmpipe (LLVM 21.1.8, 256 bits)  
[2m2026-07-07T07:50:48.219193Z[0m [32m INFO[0m [2mwgpu_hal::vulkan::instance[0m[2m:[0m 	objects: (type: INSTANCE, hndl: 0x5c23722e60c0, name: ?)
[2m2026-07-07T07:50:48.219196Z[0m [32m INFO[0m [2mwgpu_hal::vulkan::instance[0m[2m:[0m GENERAL [Loader Message (0x0)]
	linux_read_sorted_physical_devices:
[2m2026-07-07T07:50:48.219199Z[0m [32m INFO[0m [2mwgpu_hal::vulkan::instance[0m[2m:[0m 	objects: (type: INSTANCE, hndl: 0x5c23722e60c0, name: ?)
[2m2026-07-07T07:50:48.219201Z[0m [32m INFO[0m [2mwgpu_hal::vulkan::instance[0m[2m:[0m GENERAL [Loader Message (0x0)]
	     Original order:
[2m2026-07-07T07:50:48.219204Z[0m [32m INFO[0m [2mwgpu_hal::vulkan::instance[0m[2m:[0m 	objects: (type: INSTANCE, hndl: 0x5c23722e60c0, name: ?)
[2m2026-07-07T07:50:48.219211Z[0m [32m INFO[0m [2mwgpu_hal::vulkan::instance[0m[2m:[0m GENERAL [Loader Message (0x0)]
	           [0] llvmpipe (LLVM 21.1.8, 256 bits)
[2m2026-07-07T07:50:48.219214Z[0m [32m INFO[0m [2mwgpu_hal::vulkan::instance[0m[2m:[0m 	objects: (type: INSTANCE, hndl: 0x5c23722e60c0, name: ?)
[2m2026-07-07T07:50:48.219216Z[0m [32m INFO[0m [2mwgpu_hal::vulkan::instance[0m[2m:[0m GENERAL [Loader Message (0x0)]
	     Sorted order:
[2m2026-07-07T07:50:48.219219Z[0m [32m INFO[0m [2mwgpu_hal::vulkan::instance[0m[2m:[0m 	objects: (type: INSTANCE, hndl: 0x5c23722e60c0, name: ?)
[2m2026-07-07T07:50:48.219222Z[0m [32m INFO[0m [2mwgpu_hal::vulkan::instance[0m[2m:[0m GENERAL [Loader Message (0x0)]
	           [0] llvmpipe (LLVM 21.1.8, 256 bits)  
[2m2026-07-07T07:50:48.219224Z[0m [32m INFO[0m [2mwgpu_hal::vulkan::instance[0m[2m:[0m 	objects: (type: INSTANCE, hndl: 0x5c23722e60c0, name: ?)
[2m2026-07-07T07:50:48.229591Z[0m [32m INFO[0m [2mbevy_render::renderer[0m[2m:[0m AdapterInfo { name: "llvmpipe (LLVM 21.1.8, 256 bits)", vendor: 65541, device: 0, device_type: Cpu, driver: "llvmpipe", driver_info: "Mesa 26.1.1 (LLVM 21.1.8)", backend: Vulkan }
[2m2026-07-07T07:50:48.229612Z[0m [33m WARN[0m [2mbevy_render::renderer[0m[2m:[0m The selected adapter is using a driver that only supports software rendering. This is likely to be very slow. See https://bevy.org/learn/errors/b0006/
[2m2026-07-07T07:50:48.229744Z[0m [32m INFO[0m [2mwgpu_hal::vulkan::instance[0m[2m:[0m GENERAL [Loader Message (0x0)]
	Failed to find vkGetDeviceProcAddr in layer "/nix/store/bfkyl4qgipm1vpfls2cqr3kv0afgpbya-mesa-26.1.1/lib/libVkLayer_MESA_device_select.so"
[2m2026-07-07T07:50:48.229752Z[0m [32m INFO[0m [2mwgpu_hal::vulkan::instance[0m[2m:[0m 	objects: (type: INSTANCE, hndl: 0x5c23722e60c0, name: ?)
[2m2026-07-07T07:50:48.229756Z[0m [32m INFO[0m [2mwgpu_hal::vulkan::instance[0m[2m:[0m GENERAL [Loader Message (0x0)]
	vkCreateDevice layer callstack setup to:
[2m2026-07-07T07:50:48.229758Z[0m [32m INFO[0m [2mwgpu_hal::vulkan::instance[0m[2m:[0m 	objects: (type: INSTANCE, hndl: 0x5c23722e60c0, name: ?)
[2m2026-07-07T07:50:48.229776Z[0m [32m INFO[0m [2mwgpu_hal::vulkan::instance[0m[2m:[0m GENERAL [Loader Message (0x0)]
	   <Application>
[2m2026-07-07T07:50:48.229779Z[0m [32m INFO[0m [2mwgpu_hal::vulkan::instance[0m[2m:[0m 	objects: (type: INSTANCE, hndl: 0x5c23722e60c0, name: ?)
[2m2026-07-07T07:50:48.229782Z[0m [32m INFO[0m [2mwgpu_hal::vulkan::instance[0m[2m:[0m GENERAL [Loader Message (0x0)]
	     ||
[2m2026-07-07T07:50:48.229784Z[0m [32m INFO[0m [2mwgpu_hal::vulkan::instance[0m[2m:[0m 	objects: (type: INSTANCE, hndl: 0x5c23722e60c0, name: ?)
[2m2026-07-07T07:50:48.229787Z[0m [32m INFO[0m [2mwgpu_hal::vulkan::instance[0m[2m:[0m GENERAL [Loader Message (0x0)]
	   <Loader>
[2m2026-07-07T07:50:48.229789Z[0m [32m INFO[0m [2mwgpu_hal::vulkan::instance[0m[2m:[0m 	objects: (type: INSTANCE, hndl: 0x5c23722e60c0, name: ?)
[2m2026-07-07T07:50:48.229792Z[0m [32m INFO[0m [2mwgpu_hal::vulkan::instance[0m[2m:[0m GENERAL [Loader Message (0x0)]
	     ||
[2m2026-07-07T07:50:48.229794Z[0m [32m INFO[0m [2mwgpu_hal::vulkan::instance[0m[2m:[0m 	objects: (type: INSTANCE, hndl: 0x5c23722e60c0, name: ?)
[2m2026-07-07T07:50:48.229797Z[0m [32m INFO[0m [2mwgpu_hal::vulkan::instance[0m[2m:[0m GENERAL [Loader Message (0x0)]
	   <Device>
[2m2026-07-07T07:50:48.229799Z[0m [32m INFO[0m [2mwgpu_hal::vulkan::instance[0m[2m:[0m 	objects: (type: INSTANCE, hndl: 0x5c23722e60c0, name: ?)
[2m2026-07-07T07:50:48.229892Z[0m [32m INFO[0m [2mwgpu_hal::vulkan::instance[0m[2m:[0m GENERAL [Loader Message (0x0)]
	       Using "llvmpipe (LLVM 21.1.8, 256 bits)" with driver: "/nix/store/bfkyl4qgipm1vpfls2cqr3kv0afgpbya-mesa-26.1.1/lib/libvulkan_lvp.so"
[2m2026-07-07T07:50:48.229897Z[0m [32m INFO[0m [2mwgpu_hal::vulkan::instance[0m[2m:[0m 	objects: (type: INSTANCE, hndl: 0x5c23722e60c0, name: ?)
[2m2026-07-07T07:50:48.445424Z[0m [33m WARN[0m [2mbevy_audio::audio_output[0m[2m:[0m No audio device found.
[2m2026-07-07T07:50:48.462852Z[0m [33m WARN[0m [2mbevy_rapier3d::plugin::plugin[0m[2m:[0m RapierPhysicsPlugin added but a `RapierContextInitialization` resource was already existing.This might overwrite previous configuration made via `RapierPhysicsPlugin::with_custom_initialization`or `RapierPhysicsPlugin::with_length_unit`.
            The following resource will be used: InitializeDefaultRapierContext { integration_parameters: IntegrationParameters { dt: 0.016666668, min_ccd_dt: 0.00016666668, contact_softness: SpringCoefficients { natural_frequency: 5.0, damping_ratio: 5.0 }, warmstart_coefficient: 1.0, length_unit: 1.0, normalized_allowed_linear_error: 0.001, normalized_max_corrective_velocity: 10.0, normalized_prediction_distance: 0.002, num_solver_iterations: 4, num_internal_pgs_iterations: 1, num_internal_stabilization_iterations: 1, min_island_size: 128, max_ccd_substeps: 1, friction_model: Simplified }, rapier_configuration: RapierConfiguration { gravity: Vec3(0.0, -9.81, 0.0), physics_pipeline_active: true, scaled_shape_subdivision: 10, force_update_from_transform_changes: false } }
[2m2026-07-07T07:50:48.480473Z[0m [32m INFO[0m [2mcrab_world::policy[0m[2m:[0m play: loaded checkpoint from live/ckpt
[2m2026-07-07T07:50:48.509754Z[0m [32m INFO[0m [2mbevy_render::batching::gpu_preprocessing[0m[2m:[0m GPU preprocessing is fully supported on this device.
[2m2026-07-07T07:50:49.711551Z[0m [32m INFO[0m [2mcrab_world::bot::skin::weights[0m[2m:[0m crab skin: stripped cross-part weights on 26271 verts (mesh AssetId<bevy_mesh::mesh::Mesh>{ index: 49, generation: 0})
[2m2026-07-07T07:50:58.937450Z[0m [32m INFO[0m [2mcrab_world::bot::skin::pairing[0m[2m:[0m crab skin paired: env 0 (114 bones driven)
[2m2026-07-07T07:51:09.470990Z[0m [32m INFO[0m [2mnet::render::driver[0m[2m:[0m vehicle: OnFoot -> Plane
[2m2026-07-07T07:51:10.550743Z[0m [32m INFO[0m [2mnet::render::driver[0m[2m:[0m cockpit engaged: own craft pose arrived on the wire
[2m2026-07-07T07:51:13.458715Z[0m [32m INFO[0m [2mnet::render::articulation[0m[2m:[0m remote crafts: pilots [0] (was [])
[2m2026-07-07T07:51:18.729563Z[0m [32m INFO[0m [2mnet::render::articulation[0m[2m:[0m remote craft (pilot 0) has moved 5.1m since it appeared
[2m2026-07-07T07:51:35.576409Z[0m [32m INFO[0m [2mnet::render::driver[0m[2m:[0m vehicle: Plane -> Ship
[2m2026-07-07T07:51:35.576580Z[0m [32m INFO[0m [2mnet::render::driver[0m[2m:[0m cockpit engaged: own craft pose arrived on the wire
[2m2026-07-07T07:52:04.730636Z[0m [32m INFO[0m [2mnet::render::driver[0m[2m:[0m vehicle: Ship -> OnFoot
[2m2026-07-07T07:52:19.940721Z[0m [32m INFO[0m [2mnet::render::articulation[0m[2m:[0m remote crafts: pilots [] (was [0])
